<<<<<<< HEAD
2026-04-27 13:35:32 [info]: ✅ MongoDB Connected: 127.0.0.1
2026-04-27 13:35:32 [info]: 🚀 Server running on http://localhost:3000
2026-04-27 13:35:32 [info]:    Environment: development
2026-04-27 13:40:01 [info]: ✅ MongoDB Connected: 127.0.0.1
2026-04-27 13:40:01 [info]: 🚀 Server running on http://localhost:3000
2026-04-27 13:40:01 [info]:    Environment: development
2026-04-27 14:06:23 [error]: ❌ CRITICAL: Error connecting to MongoDB!
2026-04-27 14:06:29 [error]: ❌ CRITICAL: Error connecting to MongoDB!
2026-04-27 14:06:38 [error]: ❌ CRITICAL: Error connecting to MongoDB!
2026-04-27 14:06:44 [error]: ❌ CRITICAL: Error connecting to MongoDB!
2026-04-27 14:06:52 [error]: ❌ CRITICAL: Error connecting to MongoDB!
2026-04-27 14:07:03 [error]: ❌ CRITICAL: Error connecting to MongoDB!
2026-04-27 14:07:15 [error]: ❌ CRITICAL: Error connecting to MongoDB!
2026-04-27 14:07:25 [error]: ❌ CRITICAL: Error connecting to MongoDB!
2026-04-27 14:07:36 [error]: ❌ CRITICAL: Error connecting to MongoDB!
2026-04-27 14:08:09 [info]: ✅ MongoDB Connected: ac-lokdmj8-shard-00-02.7zypd8b.mongodb.net
2026-04-27 14:08:09 [info]: 🚀 Server running on http://localhost:3000
2026-04-27 14:08:09 [info]:    Environment: development
2026-04-27 14:08:20 [info]: ✅ MongoDB Connected: ac-lokdmj8-shard-00-02.7zypd8b.mongodb.net
2026-04-27 14:08:20 [info]: 🚀 Server running on http://localhost:3000
2026-04-27 14:08:20 [info]:    Environment: development
2026-04-27 14:08:31 [info]: ✅ MongoDB Connected: ac-lokdmj8-shard-00-00.7zypd8b.mongodb.net
2026-04-27 14:08:31 [info]: 🚀 Server running on http://localhost:3000
2026-04-27 14:08:31 [info]:    Environment: development
2026-04-27 14:08:42 [info]: ✅ MongoDB Connected: ac-lokdmj8-shard-00-01.7zypd8b.mongodb.net
2026-04-27 14:08:42 [info]: 🚀 Server running on http://localhost:3000
2026-04-27 14:08:42 [info]:    Environment: development
2026-04-27 14:08:53 [info]: ✅ MongoDB Connected: ac-lokdmj8-shard-00-02.7zypd8b.mongodb.net
2026-04-27 14:08:53 [info]: 🚀 Server running on http://localhost:3000
2026-04-27 14:08:53 [info]:    Environment: development
2026-04-27 14:09:02 [info]: ✅ MongoDB Connected: ac-lokdmj8-shard-00-00.7zypd8b.mongodb.net
2026-04-27 14:09:02 [info]: 🚀 Server running on http://localhost:3000
2026-04-27 14:09:02 [info]:    Environment: development
2026-04-27 14:09:17 [info]: ✅ MongoDB Connected: ac-lokdmj8-shard-00-02.7zypd8b.mongodb.net
2026-04-27 14:09:17 [info]: 🚀 Server running on http://localhost:3000
2026-04-27 14:09:17 [info]:    Environment: development
2026-04-27 14:09:27 [info]: ✅ MongoDB Connected: ac-lokdmj8-shard-00-02.7zypd8b.mongodb.net
2026-04-27 14:09:27 [info]: 🚀 Server running on http://localhost:3000
2026-04-27 14:09:27 [info]:    Environment: development
2026-04-27 14:09:44 [info]: ✅ MongoDB Connected: ac-lokdmj8-shard-00-02.7zypd8b.mongodb.net
2026-04-27 14:09:44 [info]: 🚀 Server running on http://localhost:3000
2026-04-27 14:09:44 [info]:    Environment: development
2026-04-27 14:09:56 [info]: ✅ MongoDB Connected: ac-lokdmj8-shard-00-02.7zypd8b.mongodb.net
2026-04-27 14:09:56 [info]: 🚀 Server running on http://localhost:3000
2026-04-27 14:09:56 [info]:    Environment: development
2026-04-27 14:10:04 [info]: ✅ MongoDB Connected: ac-lokdmj8-shard-00-00.7zypd8b.mongodb.net
2026-04-27 14:10:04 [info]: 🚀 Server running on http://localhost:3000
2026-04-27 14:10:04 [info]:    Environment: development
2026-04-27 14:11:14 [info]: ✅ MongoDB Connected: ac-lokdmj8-shard-00-01.7zypd8b.mongodb.net
2026-04-27 14:11:14 [info]: 🚀 Server running on http://localhost:3000
2026-04-27 14:11:14 [info]:    Environment: development
2026-04-27 14:13:46 [info]: [Data Audit] POST /api/auth/login
2026-04-27 14:13:46 [warn]: Login failed: User not found - bacharbenhassin@gmail.com
2026-04-27 14:15:04 [info]: [Data Audit] POST /api/auth/login
2026-04-27 14:15:04 [warn]: Login failed: User not found - akkariwassim11@gmail.com
2026-04-27 14:15:49 [info]: [Data Audit] POST /api/auth/register
2026-04-27 14:15:49 [info]: ✅ [DB Save] New user & farm created: akkariwassim11@gmail.com
2026-04-27 14:15:49 [info]: [Data Audit] GET /api/animals?search=&sortBy=created_at&sortOrder=desc&page=1&limit=20
2026-04-27 14:15:49 [info]: [Data Audit] GET /api/geofences
2026-04-27 14:15:50 [info]: Socket connected: WcjAjBNv20sUNFx7AAAB (user 69ef6185425e89f7bf220be6)
2026-04-27 14:16:17 [info]: Socket disconnected: WcjAjBNv20sUNFx7AAAB — client namespace disconnect
2026-04-27 14:16:17 [info]: [Data Audit] GET /api/auth/me
2026-04-27 14:16:17 [info]: [Data Audit] POST /api/auth/refresh
2026-04-27 14:16:18 [info]: [Data Audit] GET /api/auth/me
2026-04-27 14:16:18 [info]: [Data Audit] GET /api/animals?search=&sortBy=created_at&sortOrder=desc&page=1&limit=20
2026-04-27 14:16:18 [info]: [Data Audit] GET /api/geofences
2026-04-27 14:16:18 [info]: Socket connected: C7zRPC3lm29gUEPiAAAD (user 69ef6185425e89f7bf220be6)
2026-04-27 14:16:34 [info]: Socket disconnected: C7zRPC3lm29gUEPiAAAD — client namespace disconnect
2026-04-27 14:16:34 [info]: [Data Audit] GET /api/auth/me
2026-04-27 14:16:34 [info]: [Data Audit] GET /api/animals?search=&sortBy=created_at&sortOrder=desc&page=1&limit=20
2026-04-27 14:16:34 [info]: [Data Audit] GET /api/geofences
2026-04-27 14:16:34 [info]: Socket connected: 0UU02QJQayxT_GSBAAAF (user 69ef6185425e89f7bf220be6)
2026-04-27 14:16:43 [info]: ✅ MongoDB Connected: ac-lokdmj8-shard-00-00.7zypd8b.mongodb.net
2026-04-27 14:16:43 [info]: 🚀 Server running on http://localhost:3000
2026-04-27 14:16:43 [info]:    Environment: development
2026-04-27 14:16:55 [info]: ✅ MongoDB Connected: ac-lokdmj8-shard-00-00.7zypd8b.mongodb.net
2026-04-27 14:16:55 [info]: 🚀 Server running on http://localhost:3000
2026-04-27 14:16:55 [info]:    Environment: development
2026-04-27 14:17:06 [info]: [Data Audit] GET /api/auth/me
2026-04-27 14:17:06 [info]: [Data Audit] GET /api/animals?search=&sortBy=created_at&sortOrder=desc&page=1&limit=20
2026-04-27 14:17:06 [info]: [Data Audit] GET /api/geofences
2026-04-27 14:17:07 [info]: Socket connected: wFNQiZgHnh6Mqr_9AAAB (user 69ef6185425e89f7bf220be6)
2026-04-27 14:17:32 [info]: ✅ MongoDB Connected: ac-lokdmj8-shard-00-01.7zypd8b.mongodb.net
2026-04-27 14:17:32 [info]: 🚀 Server running on http://localhost:3000
2026-04-27 14:17:32 [info]:    Environment: development
2026-04-27 14:17:33 [info]: Socket connected: LWib0XsvcTGM_AmGAAAB (user 69ef6185425e89f7bf220be6)
2026-04-27 14:17:42 [info]: ✅ MongoDB Connected: ac-lokdmj8-shard-00-01.7zypd8b.mongodb.net
2026-04-27 14:17:42 [info]: 🚀 Server running on http://localhost:3000
2026-04-27 14:17:42 [info]:    Environment: development
2026-04-27 14:17:44 [info]: Socket connected: BRTTk6OXIwfWI2tQAAAB (user 69ef6185425e89f7bf220be6)
2026-04-27 14:17:49 [info]: ✅ MongoDB Connected: ac-lokdmj8-shard-00-00.7zypd8b.mongodb.net
2026-04-27 14:17:49 [info]: 🚀 Server running on http://localhost:3000
2026-04-27 14:17:49 [info]:    Environment: development
2026-04-27 14:17:50 [info]: Socket connected: C41m-gwWHr-9D3FWAAAB (user 69ef6185425e89f7bf220be6)
2026-04-27 14:18:20 [info]: Socket disconnected: C41m-gwWHr-9D3FWAAAB — transport close
2026-04-27 14:28:20 [info]: Socket connected: AV8HPCJCHwS2OEplAAAD (user 69ef6185425e89f7bf220be6)
2026-04-27 14:28:21 [info]: Socket disconnected: AV8HPCJCHwS2OEplAAAD — client namespace disconnect
2026-04-27 14:28:25 [info]: [Data Audit] GET /api/auth/me
2026-04-27 14:28:26 [info]: [Data Audit] GET /api/animals?search=&sortBy=created_at&sortOrder=desc&page=1&limit=20
2026-04-27 14:28:26 [info]: [Data Audit] GET /api/geofences
2026-04-27 14:28:26 [info]: Socket connected: LufR_VvnrdkYe0zHAAAF (user 69ef6185425e89f7bf220be6)
2026-04-27 14:28:32 [info]: [Data Audit] POST /api/auth/logout
2026-04-27 14:28:32 [info]: User logged out
2026-04-27 14:28:32 [info]: Socket disconnected: LufR_VvnrdkYe0zHAAAF — client namespace disconnect
2026-04-27 14:28:48 [info]: [Data Audit] POST /api/auth/login
2026-04-27 14:28:49 [info]: ✅ User logged in successfully: akkariwassim11@gmail.com
2026-04-27 14:28:49 [info]: [Data Audit] GET /api/animals?search=&sortBy=created_at&sortOrder=desc&page=1&limit=20
2026-04-27 14:28:49 [info]: [Data Audit] GET /api/geofences
2026-04-27 14:28:49 [info]: Socket connected: yhLIzNN4SjJ3tqP4AAAH (user 69ef6185425e89f7bf220be6)
2026-04-27 14:29:04 [info]: [Data Audit] GET /api/geofences
2026-04-27 14:41:35 [info]: ✅ MongoDB Connected: ac-lokdmj8-shard-00-01.7zypd8b.mongodb.net
2026-04-27 14:41:35 [info]: 🚀 Server running on http://localhost:3000
2026-04-27 14:41:35 [info]:    Environment: development
2026-04-27 14:50:22 [info]: ✅ MongoDB Connected: ac-lokdmj8-shard-00-02.7zypd8b.mongodb.net
2026-04-27 14:50:22 [info]: 🚀 Server running on http://localhost:3000
2026-04-27 14:50:22 [info]:    Environment: development
=======
2026-04-26 22:09:44 [info]: ✅ MongoDB Connected: 127.0.0.1
2026-04-26 22:22:00 [info]: ✅ MongoDB Connected: 127.0.0.1
2026-04-26 22:22:00 [info]: 🚀 Server running on http://localhost:3000
2026-04-26 22:22:00 [info]:    Environment: development
2026-04-27 13:08:51 [info]: ✅ MongoDB Connected: 127.0.0.1
2026-04-27 13:08:51 [info]: 🚀 Server running on http://localhost:3000
2026-04-27 13:08:51 [info]:    Environment: development
2026-04-27 13:10:31 [info]: Incoming Request: GET /api/auth/me
2026-04-27 13:10:31 [info]: Incoming Request: POST /api/auth/refresh
2026-04-27 13:10:31 [info]: Incoming Request: GET /api/auth/me
2026-04-27 13:10:31 [info]: Incoming Request: GET /api/memberships/my
2026-04-27 13:10:31 [info]: Incoming Request: GET /api/animals?search=&sortBy=created_at&sortOrder=desc&page=1&limit=20
2026-04-27 13:10:31 [error]: ReferenceError: mongoose is not defined
    at getAnimals (C:\Users\Wassim\Desktop\mon-application\backend\src\controllers\animalsController.js:128:34)
    at Layer.handle [as handle_request] (C:\Users\Wassim\Desktop\mon-application\backend\node_modules\express\lib\router\layer.js:95:5)
    at next (C:\Users\Wassim\Desktop\mon-application\backend\node_modules\express\lib\router\route.js:149:13)
    at Route.dispatch (C:\Users\Wassim\Desktop\mon-application\backend\node_modules\express\lib\router\route.js:119:3)
    at Layer.handle [as handle_request] (C:\Users\Wassim\Desktop\mon-application\backend\node_modules\express\lib\router\layer.js:95:5)
    at C:\Users\Wassim\Desktop\mon-application\backend\node_modules\express\lib\router\index.js:284:15
    at router.process_params (C:\Users\Wassim\Desktop\mon-application\backend\node_modules\express\lib\router\index.js:346:12)
    at next (C:\Users\Wassim\Desktop\mon-application\backend\node_modules\express\lib\router\index.js:280:10)
    at C:\Users\Wassim\Desktop\mon-application\backend\src\middleware\rbac.js:64:7
    at process.processTicksAndRejections (node:internal/process/task_queues:104:5)
2026-04-27 13:10:31 [info]: Incoming Request: GET /api/geofences
2026-04-27 13:10:32 [info]: Socket connected: WOjG2LN_okMEcfwZAAAB (user 69d591c0d102e6ae9731dc62)
2026-04-27 13:10:32 [info]: Incoming Request: GET /api/animals?search=&sortBy=created_at&sortOrder=desc&page=1&limit=20
2026-04-27 13:10:32 [error]: ReferenceError: mongoose is not defined
    at getAnimals (C:\Users\Wassim\Desktop\mon-application\backend\src\controllers\animalsController.js:128:34)
    at Layer.handle [as handle_request] (C:\Users\Wassim\Desktop\mon-application\backend\node_modules\express\lib\router\layer.js:95:5)
    at next (C:\Users\Wassim\Desktop\mon-application\backend\node_modules\express\lib\router\route.js:149:13)
    at Route.dispatch (C:\Users\Wassim\Desktop\mon-application\backend\node_modules\express\lib\router\route.js:119:3)
    at Layer.handle [as handle_request] (C:\Users\Wassim\Desktop\mon-application\backend\node_modules\express\lib\router\layer.js:95:5)
    at C:\Users\Wassim\Desktop\mon-application\backend\node_modules\express\lib\router\index.js:284:15
    at router.process_params (C:\Users\Wassim\Desktop\mon-application\backend\node_modules\express\lib\router\index.js:346:12)
    at next (C:\Users\Wassim\Desktop\mon-application\backend\node_modules\express\lib\router\index.js:280:10)
    at C:\Users\Wassim\Desktop\mon-application\backend\src\middleware\rbac.js:64:7
    at process.processTicksAndRejections (node:internal/process/task_queues:104:5)
2026-04-27 13:10:34 [info]: Incoming Request: GET /api/animals?search=&sortBy=created_at&sortOrder=desc&page=1&limit=20
2026-04-27 13:10:34 [error]: ReferenceError: mongoose is not defined
    at getAnimals (C:\Users\Wassim\Desktop\mon-application\backend\src\controllers\animalsController.js:128:34)
    at Layer.handle [as handle_request] (C:\Users\Wassim\Desktop\mon-application\backend\node_modules\express\lib\router\layer.js:95:5)
    at next (C:\Users\Wassim\Desktop\mon-application\backend\node_modules\express\lib\router\route.js:149:13)
    at Route.dispatch (C:\Users\Wassim\Desktop\mon-application\backend\node_modules\express\lib\router\route.js:119:3)
    at Layer.handle [as handle_request] (C:\Users\Wassim\Desktop\mon-application\backend\node_modules\express\lib\router\layer.js:95:5)
    at C:\Users\Wassim\Desktop\mon-application\backend\node_modules\express\lib\router\index.js:284:15
    at router.process_params (C:\Users\Wassim\Desktop\mon-application\backend\node_modules\express\lib\router\index.js:346:12)
    at next (C:\Users\Wassim\Desktop\mon-application\backend\node_modules\express\lib\router\index.js:280:10)
    at C:\Users\Wassim\Desktop\mon-application\backend\src\middleware\rbac.js:64:7
    at process.processTicksAndRejections (node:internal/process/task_queues:104:5)
2026-04-27 13:10:38 [info]: Incoming Request: GET /api/animals?search=&sortBy=created_at&sortOrder=desc&page=1&limit=20
2026-04-27 13:10:38 [error]: ReferenceError: mongoose is not defined
    at getAnimals (C:\Users\Wassim\Desktop\mon-application\backend\src\controllers\animalsController.js:128:34)
    at Layer.handle [as handle_request] (C:\Users\Wassim\Desktop\mon-application\backend\node_modules\express\lib\router\layer.js:95:5)
    at next (C:\Users\Wassim\Desktop\mon-application\backend\node_modules\express\lib\router\route.js:149:13)
    at Route.dispatch (C:\Users\Wassim\Desktop\mon-application\backend\node_modules\express\lib\router\route.js:119:3)
    at Layer.handle [as handle_request] (C:\Users\Wassim\Desktop\mon-application\backend\node_modules\express\lib\router\layer.js:95:5)
    at C:\Users\Wassim\Desktop\mon-application\backend\node_modules\express\lib\router\index.js:284:15
    at router.process_params (C:\Users\Wassim\Desktop\mon-application\backend\node_modules\express\lib\router\index.js:346:12)
    at next (C:\Users\Wassim\Desktop\mon-application\backend\node_modules\express\lib\router\index.js:280:10)
    at C:\Users\Wassim\Desktop\mon-application\backend\src\middleware\rbac.js:64:7
    at process.processTicksAndRejections (node:internal/process/task_queues:104:5)
2026-04-27 13:12:28 [info]: Socket disconnected: WOjG2LN_okMEcfwZAAAB — client namespace disconnect
2026-04-27 13:12:32 [info]: Incoming Request: GET /api/auth/me
2026-04-27 13:12:32 [info]: Incoming Request: GET /api/memberships/my
2026-04-27 13:12:32 [info]: Incoming Request: GET /api/animals?search=&sortBy=created_at&sortOrder=desc&page=1&limit=20
2026-04-27 13:12:32 [error]: ReferenceError: mongoose is not defined
    at getAnimals (C:\Users\Wassim\Desktop\mon-application\backend\src\controllers\animalsController.js:128:34)
    at Layer.handle [as handle_request] (C:\Users\Wassim\Desktop\mon-application\backend\node_modules\express\lib\router\layer.js:95:5)
    at next (C:\Users\Wassim\Desktop\mon-application\backend\node_modules\express\lib\router\route.js:149:13)
    at Route.dispatch (C:\Users\Wassim\Desktop\mon-application\backend\node_modules\express\lib\router\route.js:119:3)
    at Layer.handle [as handle_request] (C:\Users\Wassim\Desktop\mon-application\backend\node_modules\express\lib\router\layer.js:95:5)
    at C:\Users\Wassim\Desktop\mon-application\backend\node_modules\express\lib\router\index.js:284:15
    at router.process_params (C:\Users\Wassim\Desktop\mon-application\backend\node_modules\express\lib\router\index.js:346:12)
    at next (C:\Users\Wassim\Desktop\mon-application\backend\node_modules\express\lib\router\index.js:280:10)
    at C:\Users\Wassim\Desktop\mon-application\backend\src\middleware\rbac.js:64:7
    at process.processTicksAndRejections (node:internal/process/task_queues:104:5)
2026-04-27 13:12:32 [info]: Incoming Request: GET /api/geofences
2026-04-27 13:12:32 [info]: Socket connected: ma0LnlrUNsSD3H9YAAAD (user 69d591c0d102e6ae9731dc62)
2026-04-27 13:12:33 [info]: Incoming Request: GET /api/animals?search=&sortBy=created_at&sortOrder=desc&page=1&limit=20
2026-04-27 13:12:33 [error]: ReferenceError: mongoose is not defined
    at getAnimals (C:\Users\Wassim\Desktop\mon-application\backend\src\controllers\animalsController.js:128:34)
    at Layer.handle [as handle_request] (C:\Users\Wassim\Desktop\mon-application\backend\node_modules\express\lib\router\layer.js:95:5)
    at next (C:\Users\Wassim\Desktop\mon-application\backend\node_modules\express\lib\router\route.js:149:13)
    at Route.dispatch (C:\Users\Wassim\Desktop\mon-application\backend\node_modules\express\lib\router\route.js:119:3)
    at Layer.handle [as handle_request] (C:\Users\Wassim\Desktop\mon-application\backend\node_modules\express\lib\router\layer.js:95:5)
    at C:\Users\Wassim\Desktop\mon-application\backend\node_modules\express\lib\router\index.js:284:15
    at router.process_params (C:\Users\Wassim\Desktop\mon-application\backend\node_modules\express\lib\router\index.js:346:12)
    at next (C:\Users\Wassim\Desktop\mon-application\backend\node_modules\express\lib\router\index.js:280:10)
    at C:\Users\Wassim\Desktop\mon-application\backend\src\middleware\rbac.js:64:7
    at process.processTicksAndRejections (node:internal/process/task_queues:104:5)
2026-04-27 13:12:35 [info]: Incoming Request: GET /api/animals?search=&sortBy=created_at&sortOrder=desc&page=1&limit=20
2026-04-27 13:12:35 [error]: ReferenceError: mongoose is not defined
    at getAnimals (C:\Users\Wassim\Desktop\mon-application\backend\src\controllers\animalsController.js:128:34)
    at Layer.handle [as handle_request] (C:\Users\Wassim\Desktop\mon-application\backend\node_modules\express\lib\router\layer.js:95:5)
    at next (C:\Users\Wassim\Desktop\mon-application\backend\node_modules\express\lib\router\route.js:149:13)
    at Route.dispatch (C:\Users\Wassim\Desktop\mon-application\backend\node_modules\express\lib\router\route.js:119:3)
    at Layer.handle [as handle_request] (C:\Users\Wassim\Desktop\mon-application\backend\node_modules\express\lib\router\layer.js:95:5)
    at C:\Users\Wassim\Desktop\mon-application\backend\node_modules\express\lib\router\index.js:284:15
    at router.process_params (C:\Users\Wassim\Desktop\mon-application\backend\node_modules\express\lib\router\index.js:346:12)
    at next (C:\Users\Wassim\Desktop\mon-application\backend\node_modules\express\lib\router\index.js:280:10)
    at C:\Users\Wassim\Desktop\mon-application\backend\src\middleware\rbac.js:64:7
    at process.processTicksAndRejections (node:internal/process/task_queues:104:5)
2026-04-27 13:12:38 [info]: Incoming Request: GET /api/animals?search=&sortBy=created_at&sortOrder=desc&page=1&limit=20
2026-04-27 13:12:38 [error]: ReferenceError: mongoose is not defined
    at getAnimals (C:\Users\Wassim\Desktop\mon-application\backend\src\controllers\animalsController.js:128:34)
    at Layer.handle [as handle_request] (C:\Users\Wassim\Desktop\mon-application\backend\node_modules\express\lib\router\layer.js:95:5)
    at next (C:\Users\Wassim\Desktop\mon-application\backend\node_modules\express\lib\router\route.js:149:13)
    at Route.dispatch (C:\Users\Wassim\Desktop\mon-application\backend\node_modules\express\lib\router\route.js:119:3)
    at Layer.handle [as handle_request] (C:\Users\Wassim\Desktop\mon-application\backend\node_modules\express\lib\router\layer.js:95:5)
    at C:\Users\Wassim\Desktop\mon-application\backend\node_modules\express\lib\router\index.js:284:15
    at router.process_params (C:\Users\Wassim\Desktop\mon-application\backend\node_modules\express\lib\router\index.js:346:12)
    at next (C:\Users\Wassim\Desktop\mon-application\backend\node_modules\express\lib\router\index.js:280:10)
    at C:\Users\Wassim\Desktop\mon-application\backend\src\middleware\rbac.js:64:7
    at process.processTicksAndRejections (node:internal/process/task_queues:104:5)
2026-04-27 13:13:12 [info]: ✅ MongoDB Connected: 127.0.0.1
2026-04-27 13:13:12 [info]: 🚀 Server running on http://localhost:3000
2026-04-27 13:13:12 [info]:    Environment: development
2026-04-27 13:13:13 [info]: Socket connected: 7ZctNM7el_ergdOVAAAB (user 69d591c0d102e6ae9731dc62)
2026-04-27 13:13:24 [info]: ✅ MongoDB Connected: 127.0.0.1
2026-04-27 13:13:24 [info]: 🚀 Server running on http://localhost:3000
2026-04-27 13:13:24 [info]:    Environment: development
2026-04-27 13:13:25 [info]: Socket connected: UCYvvEfo6hjUKd--AAAB (user 69d591c0d102e6ae9731dc62)
2026-04-27 13:13:30 [info]: ✅ MongoDB Connected: 127.0.0.1
2026-04-27 13:13:30 [info]: 🚀 Server running on http://localhost:3000
2026-04-27 13:13:30 [info]:    Environment: development
2026-04-27 13:13:32 [info]: Socket connected: V8iQvqb00Qmthp9tAAAB (user 69d591c0d102e6ae9731dc62)
2026-04-27 13:14:06 [info]: Socket disconnected: V8iQvqb00Qmthp9tAAAB — client namespace disconnect
2026-04-27 13:14:18 [info]: Incoming Request: GET /api/auth/me
2026-04-27 13:14:18 [info]: Incoming Request: GET /api/memberships/my
2026-04-27 13:14:19 [info]: Incoming Request: GET /api/animals?search=&sortBy=created_at&sortOrder=desc&page=1&limit=20
2026-04-27 13:14:19 [info]: Incoming Request: GET /api/geofences
2026-04-27 13:14:19 [info]: Socket connected: L1GwV5-szhxiy2hSAAAD (user 69d591c0d102e6ae9731dc62)
2026-04-27 13:14:52 [info]: Incoming Request: GET /api/geofences
2026-04-27 13:15:01 [info]: Incoming Request: GET /api/stats/farm
2026-04-27 13:15:19 [info]: Incoming Request: GET /api/alerts?status=active
2026-04-27 13:15:21 [info]: Incoming Request: GET /api/animals?search=&sortBy=created_at&sortOrder=desc&page=1&limit=20
2026-04-27 13:15:21 [info]: Incoming Request: GET /api/animals?search=&sortBy=created_at&sortOrder=desc&page=1&limit=20
2026-04-27 13:15:22 [info]: Incoming Request: GET /api/animals/69ee75019753872c84c75a6f
2026-04-27 13:15:22 [info]: Incoming Request: GET /api/ai/animal/69ee75019753872c84c75a6f
2026-04-27 13:17:54 [info]: Socket disconnected: L1GwV5-szhxiy2hSAAAD — transport close
2026-04-27 13:20:03 [info]: Socket connected: JDYgavp8_ctfWwyTAAAF (user 69d591c0d102e6ae9731dc62)
2026-04-27 13:22:26 [info]: Socket disconnected: JDYgavp8_ctfWwyTAAAF — client namespace disconnect
2026-04-27 13:22:30 [info]: Incoming Request: GET /api/auth/me
2026-04-27 13:22:30 [info]: Incoming Request: GET /api/memberships/my
2026-04-27 13:22:30 [info]: Incoming Request: GET /api/animals?search=&sortBy=created_at&sortOrder=desc&page=1&limit=20
2026-04-27 13:22:30 [info]: Incoming Request: GET /api/geofences
2026-04-27 13:22:30 [info]: Socket connected: zVlkBtSmFxI54D8FAAAH (user 69d591c0d102e6ae9731dc62)
2026-04-27 13:22:42 [info]: Incoming Request: POST /api/auth/logout
2026-04-27 13:22:42 [info]: User logged out
2026-04-27 13:22:42 [info]: Socket disconnected: zVlkBtSmFxI54D8FAAAH — client namespace disconnect
2026-04-27 13:23:13 [info]: Incoming Request: POST /api/auth/register
2026-04-27 13:23:13 [error]: ❌ Registration failed for hamdighofran13@gmail.com: User validation failed: role: `farmer` is not a valid enum value for path `role`.
2026-04-27 13:23:48 [info]: ✅ MongoDB Connected: 127.0.0.1
2026-04-27 13:23:48 [info]: 🚀 Server running on http://localhost:3000
2026-04-27 13:23:48 [info]:    Environment: development
2026-04-27 13:24:08 [info]: ✅ MongoDB Connected: 127.0.0.1
2026-04-27 13:24:08 [info]: 🚀 Server running on http://localhost:3000
2026-04-27 13:24:08 [info]:    Environment: development
2026-04-27 13:26:02 [info]: Incoming Request: POST /api/auth/register
2026-04-27 13:26:03 [info]: ✅ New user registered and logged in: ghofranehamdi@gmail.com
2026-04-27 13:26:03 [info]: Incoming Request: GET /api/animals?search=&sortBy=created_at&sortOrder=desc&page=1&limit=20
2026-04-27 13:26:03 [info]: Incoming Request: GET /api/geofences
2026-04-27 13:26:03 [warn]: Unauthorized farm access: User 69ef55da8527867d36c4b343 tried to access farm 69ef4f782af176f8d289499e
2026-04-27 13:26:03 [warn]: Unauthorized farm access: User 69ef55da8527867d36c4b343 tried to access farm 69ef4f782af176f8d289499e
2026-04-27 13:26:03 [info]: Socket connected: hiOtmjz9p2MtOuK-AAAB (user 69ef55da8527867d36c4b343)
2026-04-27 13:26:28 [info]: ✅ MongoDB Connected: 127.0.0.1
2026-04-27 13:26:28 [info]: 🚀 Server running on http://localhost:3000
2026-04-27 13:26:28 [info]:    Environment: development
2026-04-27 13:26:29 [info]: Socket connected: oqCj_Q9-NnCQmgSyAAAB (user 69ef55da8527867d36c4b343)
2026-04-27 13:26:46 [info]: Socket disconnected: oqCj_Q9-NnCQmgSyAAAB — client namespace disconnect
2026-04-27 13:26:46 [info]: Incoming Request: GET /api/auth/me
2026-04-27 13:26:46 [info]: Incoming Request: GET /api/memberships/my
2026-04-27 13:26:46 [info]: Incoming Request: GET /api/animals?search=&sortBy=created_at&sortOrder=desc&page=1&limit=20
2026-04-27 13:26:46 [info]: Incoming Request: GET /api/geofences
2026-04-27 13:26:46 [info]: Socket connected: 7MtDh2bljMNg8uURAAAD (user 69ef55da8527867d36c4b343)
2026-04-27 13:27:17 [info]: ✅ MongoDB Connected: 127.0.0.1
2026-04-27 13:27:17 [info]: 🚀 Server running on http://localhost:3000
2026-04-27 13:27:17 [info]:    Environment: development
2026-04-27 13:27:17 [info]: Socket connected: scsbVGXmeS5o3OU5AAAB (user 69ef55da8527867d36c4b343)
2026-04-27 13:27:25 [info]: Socket disconnected: scsbVGXmeS5o3OU5AAAB — client namespace disconnect
2026-04-27 13:27:25 [info]: Incoming Request: GET /api/auth/me
2026-04-27 13:27:25 [info]: Incoming Request: GET /api/memberships/my
2026-04-27 13:27:25 [info]: Incoming Request: GET /api/animals?search=&sortBy=created_at&sortOrder=desc&page=1&limit=20
2026-04-27 13:27:25 [info]: Incoming Request: GET /api/geofences
2026-04-27 13:27:25 [info]: Socket connected: qzsBarmYpjyjRBZMAAAD (user 69ef55da8527867d36c4b343)
2026-04-27 13:27:56 [info]: Socket disconnected: qzsBarmYpjyjRBZMAAAD — client namespace disconnect
2026-04-27 13:28:00 [info]: Incoming Request: GET /api/auth/me
2026-04-27 13:28:00 [info]: Incoming Request: GET /api/memberships/my
2026-04-27 13:28:00 [info]: Incoming Request: GET /api/animals?search=&sortBy=created_at&sortOrder=desc&page=1&limit=20
2026-04-27 13:28:00 [info]: Incoming Request: GET /api/geofences
2026-04-27 13:28:00 [info]: Socket connected: TfZbvTyScndaOB-qAAAF (user 69ef55da8527867d36c4b343)
2026-04-27 13:30:45 [info]: Socket disconnected: TfZbvTyScndaOB-qAAAF — client namespace disconnect
2026-04-27 13:31:24 [info]: Incoming Request: GET /api/auth/me
2026-04-27 13:31:24 [info]: Incoming Request: GET /api/memberships/my
2026-04-27 13:32:22 [info]: Incoming Request: GET /api/auth/me
2026-04-27 13:32:22 [info]: Incoming Request: GET /api/memberships/my
2026-04-27 13:32:22 [info]: Incoming Request: GET /api/animals?search=&sortBy=created_at&sortOrder=desc&page=1&limit=20
2026-04-27 13:32:22 [info]: Incoming Request: GET /api/geofences
2026-04-27 13:32:22 [info]: Socket connected: 5Jq1IjHwf4CqvOOIAAAH (user 69ef55da8527867d36c4b343)
2026-04-27 13:32:40 [info]: Incoming Request: GET /api/animals?search=&sortBy=created_at&sortOrder=desc&page=1&limit=20
2026-04-27 13:32:40 [info]: Incoming Request: GET /api/geofences
2026-04-27 13:33:11 [info]: Socket disconnected: 5Jq1IjHwf4CqvOOIAAAH — client namespace disconnect
2026-04-27 13:33:15 [info]: Incoming Request: GET /api/auth/me
2026-04-27 13:33:15 [info]: Incoming Request: GET /api/memberships/my
2026-04-27 13:33:16 [info]: Incoming Request: GET /api/animals?search=&sortBy=created_at&sortOrder=desc&page=1&limit=20
2026-04-27 13:33:16 [info]: Incoming Request: GET /api/geofences
2026-04-27 13:33:16 [info]: Socket connected: 6ed_XBHXA0AcnGkJAAAJ (user 69ef55da8527867d36c4b343)
2026-04-27 13:33:38 [info]: Incoming Request: GET /api/geofences
2026-04-27 13:33:41 [info]: Incoming Request: GET /api/stats/farm
2026-04-27 13:33:43 [info]: Incoming Request: GET /api/alerts?status=active
2026-04-27 13:33:44 [info]: Incoming Request: GET /api/animals?search=&sortBy=created_at&sortOrder=desc&page=1&limit=20
2026-04-27 14:35:23 [info]: ✅ MongoDB Connected: 127.0.0.1
2026-04-27 14:35:23 [info]: 🚀 Server running on http://localhost:3000
2026-04-27 14:35:23 [info]:    Environment: development
<<<<<<< HEAD
>>>>>>> origin/main
=======
2026-04-27 14:47:01 [info]: ✅ MongoDB Connected: 127.0.0.1
2026-04-27 14:47:01 [info]: 🚀 Server running on http://localhost:3000
2026-04-27 14:47:01 [info]:    Environment: development
>>>>>>> 8b0cdea4 (resolve merge conflict)
2026-05-01 18:39:21 [info]: ✅ MongoDB Connected: ac-lokdmj8-shard-00-02.7zypd8b.mongodb.net
2026-05-01 18:39:21 [info]: 🚀 Server running on http://localhost:3000
2026-05-01 18:39:21 [info]:    Environment: development
2026-05-01 18:40:23 [info]: [Data Audit] POST /api/auth/login
2026-05-01 18:40:23 [info]: ✅ User logged in successfully: akkariwassim11@gmail.com
2026-05-01 18:40:23 [info]: [Data Audit] GET /api/memberships/my
2026-05-01 18:40:24 [info]: [Data Audit] GET /api/animals?search=&sortBy=created_at&sortOrder=desc&page=1&limit=20
2026-05-01 18:40:24 [info]: [Data Audit] GET /api/geofences
2026-05-01 18:40:24 [info]: Socket connected: MxqEe3pPxJ4ZHQk4AAAB (user 69ef6185425e89f7bf220be6)
2026-05-01 18:40:29 [info]: [Data Audit] GET /api/geofences
2026-05-01 18:40:31 [info]: [Data Audit] GET /api/geofences
2026-05-01 18:41:09 [info]: [Data Audit] POST /api/geofences
2026-05-01 18:41:09 [info]: [Data Audit] GET /api/geofences
2026-05-01 18:41:12 [info]: [Data Audit] GET /api/animals?search=&sortBy=created_at&sortOrder=desc&page=1&limit=20
2026-05-01 18:41:14 [info]: [Data Audit] GET /api/geofences
2026-05-01 18:41:14 [info]: [Data Audit] GET /api/devices?status=free
2026-05-01 18:41:37 [info]: [Data Audit] POST /api/animals
2026-05-01 18:41:58 [info]: [Data Audit] GET /api/animals/69f4e5d176bad4a89bb5a050
2026-05-01 18:41:58 [info]: [Data Audit] GET /api/ai/animal/69f4e5d176bad4a89bb5a050
2026-05-01 18:45:59 [info]: Socket disconnected: MxqEe3pPxJ4ZHQk4AAAB — client namespace disconnect
2026-05-01 18:45:59 [info]: [Data Audit] GET /api/auth/me
2026-05-01 18:46:00 [info]: [Data Audit] GET /api/animals?search=&sortBy=created_at&sortOrder=desc&page=1&limit=20
2026-05-01 18:46:00 [info]: [Data Audit] GET /api/geofences
2026-05-01 18:46:00 [info]: Socket connected: QGgzw1eHlwBolSzJAAAD (user 69ef6185425e89f7bf220be6)
2026-05-01 18:46:00 [info]: [Data Audit] GET /api/memberships/my
2026-05-01 18:46:43 [info]: Socket disconnected: QGgzw1eHlwBolSzJAAAD — client namespace disconnect
2026-05-01 18:46:49 [info]: [Data Audit] GET /api/auth/me
2026-05-01 18:46:49 [info]: [Data Audit] GET /api/memberships/my
2026-05-01 18:46:49 [info]: [Data Audit] GET /api/animals?search=&sortBy=created_at&sortOrder=desc&page=1&limit=20
2026-05-01 18:46:49 [info]: [Data Audit] GET /api/geofences
2026-05-01 18:46:49 [info]: Socket connected: u9YhMIMJAd2Hq-ZJAAAF (user 69ef6185425e89f7bf220be6)
2026-05-01 18:47:03 [info]: [Data Audit] GET /api/geofences
2026-05-01 18:47:03 [info]: [Data Audit] GET /api/devices?status=free
2026-05-01 18:47:11 [info]: [Data Audit] PUT /api/animals/69f4e5d176bad4a89bb5a050
2026-05-01 18:50:37 [info]: Socket disconnected: u9YhMIMJAd2Hq-ZJAAAF — client namespace disconnect
2026-05-01 18:50:37 [info]: [Data Audit] GET /api/auth/me
2026-05-01 18:50:37 [info]: [Data Audit] GET /api/animals?search=&sortBy=created_at&sortOrder=desc&page=1&limit=20
2026-05-01 18:50:37 [info]: [Data Audit] GET /api/geofences
2026-05-01 18:50:37 [info]: Socket connected: b-2K03oaJIVd_pS2AAAH (user 69ef6185425e89f7bf220be6)
2026-05-01 18:50:38 [info]: [Data Audit] GET /api/memberships/my
2026-05-01 18:50:44 [info]: Socket disconnected: b-2K03oaJIVd_pS2AAAH — client namespace disconnect
2026-05-01 18:50:50 [info]: [Data Audit] GET /api/auth/me
2026-05-01 18:50:50 [info]: [Data Audit] GET /api/memberships/my
2026-05-01 18:50:50 [info]: [Data Audit] GET /api/animals?search=&sortBy=created_at&sortOrder=desc&page=1&limit=20
2026-05-01 18:50:51 [info]: [Data Audit] GET /api/geofences
2026-05-01 18:50:51 [info]: Socket connected: WgKN8hy040TEcCHOAAAJ (user 69ef6185425e89f7bf220be6)
2026-05-01 18:56:10 [info]: Socket disconnected: WgKN8hy040TEcCHOAAAJ — client namespace disconnect
2026-05-01 18:56:10 [info]: [Data Audit] GET /api/auth/me
2026-05-01 18:56:10 [info]: [Data Audit] POST /api/auth/refresh
2026-05-01 18:56:12 [info]: [Data Audit] GET /api/auth/me
2026-05-01 18:56:14 [info]: [Data Audit] GET /api/memberships/my
2026-05-01 18:56:16 [info]: [Data Audit] GET /api/animals?search=&sortBy=created_at&sortOrder=desc&page=1&limit=20
2026-05-01 18:56:16 [info]: [Data Audit] GET /api/geofences
2026-05-01 18:56:16 [info]: Socket connected: _bCs3M6KtayDaLbPAAAL (user 69ef6185425e89f7bf220be6)
2026-05-01 18:58:55 [info]: Socket disconnected: _bCs3M6KtayDaLbPAAAL — client namespace disconnect
2026-05-01 18:58:55 [info]: [Data Audit] GET /api/auth/me
2026-05-01 18:58:55 [info]: [Data Audit] GET /api/animals?search=&sortBy=created_at&sortOrder=desc&page=1&limit=20
2026-05-01 18:58:55 [info]: [Data Audit] GET /api/geofences
2026-05-01 18:58:55 [info]: Socket connected: frQXFwhPp48S9jbjAAAN (user 69ef6185425e89f7bf220be6)
2026-05-01 18:58:56 [info]: [Data Audit] GET /api/memberships/my
2026-05-01 18:59:23 [info]: Socket disconnected: frQXFwhPp48S9jbjAAAN — client namespace disconnect
2026-05-01 18:59:31 [info]: [Data Audit] GET /api/auth/me
2026-05-01 18:59:32 [info]: [Data Audit] GET /api/memberships/my
2026-05-01 18:59:35 [info]: [Data Audit] GET /api/animals?search=&sortBy=created_at&sortOrder=desc&page=1&limit=20
2026-05-01 18:59:35 [info]: [Data Audit] GET /api/geofences
2026-05-01 18:59:35 [info]: Socket connected: gl_43JNjqxcSt7zLAAAP (user 69ef6185425e89f7bf220be6)
2026-05-01 19:00:00 [info]: [Data Audit] GET /api/geofences
2026-05-01 19:00:03 [info]: [Data Audit] GET /api/animals?search=&sortBy=created_at&sortOrder=desc&page=1&limit=20
2026-05-01 19:00:03 [info]: [Data Audit] GET /api/animals?search=&sortBy=created_at&sortOrder=desc&page=1&limit=20
2026-05-01 19:00:05 [info]: [Data Audit] GET /api/geofences
2026-05-01 19:00:05 [info]: [Data Audit] GET /api/devices?status=free
2026-05-01 19:00:28 [info]: [Data Audit] GET /api/geofences
2026-05-01 19:04:04 [info]: [Data Audit] POST /api/geofences
2026-05-01 19:04:05 [info]: [Data Audit] GET /api/geofences
2026-05-01 19:04:07 [info]: [Data Audit] GET /api/alerts?status=active
2026-05-01 19:04:08 [info]: [Data Audit] GET /api/geofences
2026-05-01 19:04:08 [info]: [Data Audit] GET /api/devices?status=free
2026-05-01 19:04:28 [info]: [Data Audit] POST /api/animals
2026-05-01 19:04:28 [info]: [Data Audit] GET /api/animals?search=&sortBy=created_at&sortOrder=desc&page=1&limit=20
2026-05-01 19:04:28 [info]: [Data Audit] GET /api/animals?search=&sortBy=created_at&sortOrder=desc&page=1&limit=20
2026-05-01 19:05:14 [info]: [Data Audit] GET /api/geofences
2026-05-01 19:05:14 [info]: [Data Audit] GET /api/devices?status=free
2026-05-01 19:07:56 [info]: [Data Audit] GET /api/animals?search=&sortBy=created_at&sortOrder=desc&page=1&limit=20
2026-05-01 19:07:56 [info]: [Data Audit] GET /api/geofences
2026-05-01 19:09:13 [info]: [Data Audit] GET /api/animals?search=&sortBy=created_at&sortOrder=desc&page=1&limit=20
2026-05-01 19:09:13 [info]: [Data Audit] GET /api/geofences
2026-05-01 19:09:20 [info]: [Data Audit] GET /api/animals?search=&sortBy=created_at&sortOrder=desc&page=1&limit=20
2026-05-01 19:09:20 [info]: [Data Audit] GET /api/geofences
2026-05-01 19:09:22 [info]: Socket disconnected: gl_43JNjqxcSt7zLAAAP — client namespace disconnect
2026-05-01 19:11:06 [info]: [Data Audit] GET /api/auth/me
2026-05-01 19:11:06 [info]: [Data Audit] GET /api/memberships/my
2026-05-01 19:11:07 [info]: [Data Audit] GET /api/animals?search=&sortBy=created_at&sortOrder=desc&page=1&limit=20
2026-05-01 19:11:07 [info]: [Data Audit] GET /api/geofences
2026-05-01 19:11:07 [info]: Socket connected: u6RJkUDN6dfAKsaEAAAR (user 69ef6185425e89f7bf220be6)
2026-05-01 19:11:07 [info]: Socket disconnected: u6RJkUDN6dfAKsaEAAAR — client namespace disconnect
2026-05-01 19:12:11 [info]: [Data Audit] GET /api/animals?search=&sortBy=created_at&sortOrder=desc&page=1&limit=20
2026-05-01 19:12:11 [info]: [Data Audit] GET /api/geofences
2026-05-01 19:12:11 [info]: [Data Audit] POST /api/auth/refresh
2026-05-01 19:12:14 [info]: [Data Audit] GET /api/animals?search=&sortBy=created_at&sortOrder=desc&page=1&limit=20
2026-05-01 19:12:14 [info]: [Data Audit] GET /api/geofences
2026-05-01 19:12:44 [info]: [Data Audit] GET /api/auth/me
2026-05-01 19:12:44 [info]: [Data Audit] GET /api/memberships/my
2026-05-01 19:12:45 [info]: [Data Audit] GET /api/animals?search=&sortBy=created_at&sortOrder=desc&page=1&limit=20
2026-05-01 19:12:45 [info]: [Data Audit] GET /api/geofences
2026-05-01 19:12:45 [info]: Socket connected: 3QJh_WND6DUpihxSAAAV (user 69ef6185425e89f7bf220be6)
2026-05-01 19:12:55 [info]: [Data Audit] GET /api/geofences
2026-05-01 19:16:18 [info]: [Data Audit] GET /api/animals?search=&sortBy=created_at&sortOrder=desc&page=1&limit=20
2026-05-01 19:16:18 [info]: [Data Audit] GET /api/geofences
2026-05-01 19:17:53 [info]: Socket disconnected: 3QJh_WND6DUpihxSAAAV — transport close
2026-05-01 19:19:33 [info]: Socket connected: GSIz0J_ONw8ZkB9HAAAX (user 69ef6185425e89f7bf220be6)
2026-05-01 19:19:34 [info]: Socket disconnected: GSIz0J_ONw8ZkB9HAAAX — client namespace disconnect
2026-05-01 19:19:38 [info]: [Data Audit] GET /api/auth/me
2026-05-01 19:19:39 [info]: [Data Audit] GET /api/memberships/my
2026-05-01 19:19:39 [info]: [Data Audit] GET /api/animals?search=&sortBy=created_at&sortOrder=desc&page=1&limit=20
2026-05-01 19:19:39 [info]: Socket connected: kt7UQo7hxwPn_QVzAAAZ (user 69ef6185425e89f7bf220be6)
2026-05-01 19:19:39 [info]: [Data Audit] GET /api/geofences
2026-05-01 19:21:33 [info]: [Data Audit] GET /api/animals?search=&sortBy=created_at&sortOrder=desc&page=1&limit=20
2026-05-01 19:21:33 [info]: [Data Audit] GET /api/geofences
2026-05-01 19:21:52 [info]: Socket disconnected: kt7UQo7hxwPn_QVzAAAZ — client namespace disconnect
2026-05-01 19:21:53 [info]: [Data Audit] GET /api/auth/me
2026-05-01 19:21:55 [info]: [Data Audit] GET /api/memberships/my
2026-05-01 19:21:56 [info]: [Data Audit] GET /api/animals?search=&sortBy=created_at&sortOrder=desc&page=1&limit=20
2026-05-01 19:21:56 [info]: [Data Audit] GET /api/geofences
2026-05-01 19:21:56 [info]: Socket connected: I6hQgI21nNeYp5LXAAAb (user 69ef6185425e89f7bf220be6)
2026-05-01 19:24:46 [info]: Socket disconnected: I6hQgI21nNeYp5LXAAAb — client namespace disconnect
2026-05-01 19:25:51 [info]: [Data Audit] GET /api/auth/me
2026-05-01 19:25:51 [info]: [Data Audit] GET /api/memberships/my
2026-05-01 19:25:51 [info]: [Data Audit] GET /api/animals?search=&sortBy=created_at&sortOrder=desc&page=1&limit=20
2026-05-01 19:25:51 [info]: [Data Audit] GET /api/geofences
2026-05-01 19:25:51 [info]: Socket connected: 7DS4Bdfz3GY3zj8uAAAd (user 69ef6185425e89f7bf220be6)
2026-05-01 19:25:55 [info]: [Data Audit] GET /api/geofences
2026-05-01 19:25:58 [info]: [Data Audit] GET /api/stats/farm
2026-05-01 19:26:00 [info]: [Data Audit] GET /api/alerts?status=active
2026-05-01 19:26:02 [info]: [Data Audit] GET /api/animals?search=&sortBy=created_at&sortOrder=desc&page=1&limit=20
2026-05-01 19:26:02 [info]: [Data Audit] GET /api/animals?search=&sortBy=created_at&sortOrder=desc&page=1&limit=20
2026-05-01 19:26:03 [info]: [Data Audit] GET /api/animals?search=&sortBy=created_at&sortOrder=desc&page=1&limit=20
2026-05-01 19:26:03 [info]: [Data Audit] GET /api/animals?search=&sortBy=created_at&sortOrder=desc&page=1&limit=20
2026-05-01 19:26:05 [info]: [Data Audit] GET /api/animals?search=&sortBy=created_at&sortOrder=desc&page=1&limit=20
2026-05-01 19:26:05 [info]: [Data Audit] GET /api/animals?search=&sortBy=created_at&sortOrder=desc&page=1&limit=20
2026-05-01 19:26:11 [info]: Socket disconnected: 7DS4Bdfz3GY3zj8uAAAd — client namespace disconnect
2026-05-01 19:27:47 [info]: [Data Audit] GET /api/auth/me
2026-05-01 19:27:47 [info]: [Data Audit] POST /api/auth/refresh
2026-05-01 19:27:47 [info]: [Data Audit] GET /api/auth/me
2026-05-01 19:27:47 [info]: [Data Audit] GET /api/memberships/my
2026-05-01 19:27:48 [info]: [Data Audit] GET /api/animals?search=&sortBy=created_at&sortOrder=desc&page=1&limit=20
2026-05-01 19:27:48 [info]: [Data Audit] GET /api/geofences
2026-05-01 19:27:48 [info]: Socket connected: EPdU9QU-OwX8sIrTAAAf (user 69ef6185425e89f7bf220be6)
2026-05-01 19:27:49 [info]: [Data Audit] GET /api/geofences
2026-05-01 19:27:51 [info]: [Data Audit] GET /api/stats/farm
2026-05-01 19:27:52 [info]: [Data Audit] GET /api/alerts?status=active
2026-05-01 19:27:53 [info]: [Data Audit] GET /api/animals?search=&sortBy=created_at&sortOrder=desc&page=1&limit=20
2026-05-01 19:27:53 [info]: [Data Audit] GET /api/animals?search=&sortBy=created_at&sortOrder=desc&page=1&limit=20
2026-05-01 19:27:57 [info]: [Data Audit] GET /api/animals/69f4eb2c76bad4a89bb5a063
2026-05-01 19:27:57 [info]: [Data Audit] GET /api/ai/animal/69f4eb2c76bad4a89bb5a063
2026-05-01 19:28:00 [info]: [Data Audit] GET /api/animals?search=&sortBy=created_at&sortOrder=desc&page=1&limit=20
2026-05-01 19:28:00 [info]: [Data Audit] GET /api/animals?search=&sortBy=created_at&sortOrder=desc&page=1&limit=20
2026-05-01 19:28:00 [info]: [Data Audit] GET /api/animals?search=&sortBy=created_at&sortOrder=desc&page=1&limit=20
2026-05-01 19:28:00 [info]: [Data Audit] GET /api/animals?search=&sortBy=created_at&sortOrder=desc&page=1&limit=20
2026-05-01 19:28:30 [info]: [Data Audit] GET /api/memberships
2026-05-01 19:30:17 [info]: [Data Audit] GET /api/animals?search=&sortBy=created_at&sortOrder=desc&page=1&limit=20
2026-05-01 19:30:17 [info]: [Data Audit] GET /api/geofences
2026-05-01 19:30:17 [info]: [Data Audit] GET /api/stats/farm
2026-05-01 19:30:17 [info]: [Data Audit] GET /api/alerts?status=active
2026-05-01 19:30:30 [info]: Socket disconnected: EPdU9QU-OwX8sIrTAAAf — client namespace disconnect
2026-05-01 19:30:30 [info]: [Data Audit] GET /api/auth/me
2026-05-01 19:30:30 [info]: [Data Audit] GET /api/animals?search=&sortBy=created_at&sortOrder=desc&page=1&limit=20
2026-05-01 19:30:30 [info]: [Data Audit] GET /api/geofences
2026-05-01 19:30:30 [info]: Socket connected: 7wyEUApJPuxvIWTaAAAh (user 69ef6185425e89f7bf220be6)
2026-05-01 19:30:31 [info]: [Data Audit] GET /api/memberships/my
2026-05-01 19:33:39 [info]: Socket disconnected: 7wyEUApJPuxvIWTaAAAh — client namespace disconnect
2026-05-01 19:34:56 [info]: [Data Audit] GET /api/auth/me
2026-05-01 19:34:57 [info]: [Data Audit] GET /api/memberships/my
2026-05-01 19:36:00 [info]: [Data Audit] GET /api/auth/me
2026-05-01 19:36:00 [info]: [Data Audit] GET /api/memberships/my
2026-05-01 19:36:10 [info]: [Data Audit] GET /api/auth/me
2026-05-01 19:36:13 [info]: [Data Audit] GET /api/memberships/my
2026-05-01 19:36:38 [info]: [Data Audit] GET /api/auth/me
2026-05-01 19:36:39 [info]: [Data Audit] GET /api/memberships/my
2026-05-01 19:36:46 [info]: [Data Audit] GET /api/auth/me
2026-05-01 19:36:47 [info]: [Data Audit] GET /api/memberships/my
2026-05-01 19:36:54 [info]: [Data Audit] GET /api/auth/me
2026-05-01 19:36:56 [info]: [Data Audit] GET /api/memberships/my
2026-05-01 19:38:01 [info]: [Data Audit] GET /api/auth/me
2026-05-01 19:38:02 [info]: [Data Audit] GET /api/memberships/my
2026-05-01 19:38:03 [info]: [Data Audit] GET /api/stats/farm
2026-05-01 19:38:03 [info]: Socket connected: PpKw05634_wfwrfwAAAj (user 69ef6185425e89f7bf220be6)
2026-05-01 19:38:10 [info]: [Data Audit] GET /api/animals?search=&sortBy=created_at&sortOrder=desc&page=1&limit=20
2026-05-01 19:38:10 [info]: [Data Audit] GET /api/geofences
2026-05-01 19:38:15 [info]: [Data Audit] GET /api/alerts?status=active
2026-05-01 19:38:22 [info]: Socket disconnected: PpKw05634_wfwrfwAAAj — client namespace disconnect
2026-05-01 19:38:25 [info]: [Data Audit] GET /api/stats/farm
2026-05-01 19:38:25 [info]: Socket connected: pErInIxsKVVasmpZAAAl (user 69ef6185425e89f7bf220be6)
2026-05-01 19:39:43 [info]: [Data Audit] GET /api/animals?search=&sortBy=created_at&sortOrder=desc&page=1&limit=20
2026-05-01 19:39:43 [info]: [Data Audit] GET /api/geofences
2026-05-01 19:39:46 [info]: [Data Audit] GET /api/alerts?status=active
2026-05-01 19:39:49 [info]: Socket disconnected: pErInIxsKVVasmpZAAAl — client namespace disconnect
2026-05-01 19:39:52 [info]: [Data Audit] GET /api/stats/farm
2026-05-01 19:39:52 [info]: Socket connected: ZwE9Qx7-JSm2rXr0AAAn (user 69ef6185425e89f7bf220be6)
2026-05-01 19:39:56 [info]: [Data Audit] GET /api/animals?search=&sortBy=created_at&sortOrder=desc&page=1&limit=20
2026-05-01 19:39:56 [info]: [Data Audit] GET /api/geofences
2026-05-01 19:40:04 [info]: Socket disconnected: ZwE9Qx7-JSm2rXr0AAAn — client namespace disconnect
2026-05-01 19:40:04 [info]: [Data Audit] GET /api/auth/me
2026-05-01 19:40:04 [info]: [Data Audit] GET /api/animals?search=&sortBy=created_at&sortOrder=desc&page=1&limit=20
2026-05-01 19:40:04 [info]: [Data Audit] GET /api/geofences
2026-05-01 19:40:04 [info]: Socket connected: Cx9baRqtHTL1Z9cJAAAp (user 69ef6185425e89f7bf220be6)
2026-05-01 19:40:04 [info]: [Data Audit] GET /api/memberships/my
2026-05-01 19:40:14 [info]: Socket disconnected: Cx9baRqtHTL1Z9cJAAAp — client namespace disconnect
2026-05-01 19:40:14 [info]: [Data Audit] GET /api/auth/me
2026-05-01 19:40:14 [info]: [Data Audit] GET /api/animals?search=&sortBy=created_at&sortOrder=desc&page=1&limit=20
2026-05-01 19:40:14 [info]: [Data Audit] GET /api/geofences
2026-05-01 19:40:14 [info]: Socket connected: kyHA97_1LQIfuTqZAAAr (user 69ef6185425e89f7bf220be6)
2026-05-01 19:40:15 [info]: [Data Audit] GET /api/memberships/my
2026-05-01 19:40:26 [info]: Socket disconnected: kyHA97_1LQIfuTqZAAAr — client namespace disconnect
2026-05-01 19:40:32 [info]: [Data Audit] GET /api/auth/me
2026-05-01 19:40:32 [info]: [Data Audit] GET /api/memberships/my
2026-05-01 19:40:32 [info]: [Data Audit] GET /api/animals?search=&sortBy=created_at&sortOrder=desc&page=1&limit=20
2026-05-01 19:40:32 [info]: [Data Audit] GET /api/geofences
2026-05-01 19:40:32 [info]: Socket connected: pXa9n4BWLTM-08nqAAAt (user 69ef6185425e89f7bf220be6)
2026-05-01 19:40:37 [info]: [Data Audit] GET /api/geofences
2026-05-01 19:40:38 [info]: [Data Audit] GET /api/geofences
2026-05-01 19:40:40 [info]: [Data Audit] GET /api/stats/farm
2026-05-01 19:40:41 [info]: [Data Audit] GET /api/alerts?status=active
2026-05-01 19:40:42 [info]: [Data Audit] GET /api/animals?search=&sortBy=created_at&sortOrder=desc&page=1&limit=20
2026-05-01 19:40:42 [info]: [Data Audit] GET /api/animals?search=&sortBy=created_at&sortOrder=desc&page=1&limit=20
2026-05-01 19:40:43 [info]: Socket disconnected: pXa9n4BWLTM-08nqAAAt — client namespace disconnect
2026-05-01 19:41:21 [info]: [Data Audit] GET /api/auth/me
2026-05-01 19:41:22 [info]: [Data Audit] GET /api/memberships/my
2026-05-01 19:41:23 [info]: [Data Audit] GET /api/animals?search=&sortBy=created_at&sortOrder=desc&page=1&limit=20
2026-05-01 19:41:23 [info]: [Data Audit] GET /api/geofences
2026-05-01 19:41:23 [info]: Socket connected: -u9iepBRjf89vk1yAAAv (user 69ef6185425e89f7bf220be6)
2026-05-01 19:41:27 [info]: [Data Audit] GET /api/animals?search=&sortBy=created_at&sortOrder=desc&page=1&limit=20
2026-05-01 19:41:27 [info]: [Data Audit] GET /api/animals?search=&sortBy=created_at&sortOrder=desc&page=1&limit=20
2026-05-01 19:41:29 [info]: [Data Audit] GET /api/alerts?status=active
2026-05-01 19:41:29 [info]: [Data Audit] GET /api/geofences
2026-05-01 19:42:59 [info]: [Data Audit] GET /api/geofences
2026-05-01 19:42:59 [info]: [Data Audit] POST /api/auth/refresh
2026-05-01 19:43:01 [info]: [Data Audit] GET /api/geofences
2026-05-01 19:44:20 [info]: [Data Audit] GET /api/alerts?
2026-05-01 19:45:34 [info]: Socket disconnected: -u9iepBRjf89vk1yAAAv — client namespace disconnect
2026-05-01 19:45:44 [info]: [Data Audit] GET /api/auth/me
2026-05-01 19:45:47 [info]: [Data Audit] GET /api/memberships/my
2026-05-01 19:45:52 [info]: [Data Audit] GET /api/animals?search=&sortBy=created_at&sortOrder=desc&page=1&limit=20
2026-05-01 19:45:52 [info]: [Data Audit] GET /api/geofences
2026-05-01 19:45:52 [info]: Socket connected: oIEx9uEeWydp87tfAAAx (user 69ef6185425e89f7bf220be6)
2026-05-01 19:46:53 [info]: [Data Audit] GET /api/geofences
2026-05-01 19:47:24 [info]: [Data Audit] GET /api/stats/farm
2026-05-01 19:47:25 [info]: [Data Audit] GET /api/alerts?
2026-05-01 19:48:22 [info]: [Data Audit] POST /api/auth/logout
2026-05-01 19:48:23 [info]: User logged out
2026-05-01 19:48:23 [info]: Socket disconnected: oIEx9uEeWydp87tfAAAx — client namespace disconnect
2026-05-01 19:52:02 [info]: [Data Audit] POST /api/auth/register
2026-05-01 19:52:03 [info]: ✅ New user registered with farm: Thamer's Farm (akkarithamer7@gmail.com)
2026-05-01 19:52:03 [info]: [Data Audit] GET /api/memberships/my
2026-05-01 19:52:04 [info]: [Data Audit] GET /api/animals?search=&sortBy=created_at&sortOrder=desc&page=1&limit=20
2026-05-01 19:52:04 [info]: [Data Audit] GET /api/geofences
2026-05-01 19:52:04 [info]: Socket connected: rL_XDJqUyRmDDGvLAAAz (user 69f4f65276bad4a89bb5a093)
2026-05-01 19:52:14 [info]: [Data Audit] POST /api/auth/logout
2026-05-01 19:52:15 [info]: User logged out
2026-05-01 19:52:15 [info]: Socket disconnected: rL_XDJqUyRmDDGvLAAAz — client namespace disconnect
2026-05-01 19:52:20 [info]: [Data Audit] POST /api/auth/login
2026-05-01 19:52:21 [info]: ✅ User logged in successfully: akkariwassim11@gmail.com
2026-05-01 19:52:21 [info]: [Data Audit] GET /api/memberships/my
2026-05-01 19:52:22 [info]: [Data Audit] GET /api/animals?search=&sortBy=created_at&sortOrder=desc&page=1&limit=20
2026-05-01 19:52:22 [info]: [Data Audit] GET /api/geofences
2026-05-01 19:52:22 [info]: Socket connected: I9c9jjbA0fgUQuGaAAA1 (user 69ef6185425e89f7bf220be6)
2026-05-01 19:52:26 [info]: [Data Audit] GET /api/geofences
2026-05-01 19:54:21 [info]: Socket disconnected: I9c9jjbA0fgUQuGaAAA1 — client namespace disconnect
2026-05-01 19:54:23 [info]: [Data Audit] GET /api/auth/me
2026-05-01 19:54:23 [info]: [Data Audit] GET /api/memberships/my
2026-05-01 19:54:23 [info]: [Data Audit] GET /api/animals?search=&sortBy=created_at&sortOrder=desc&page=1&limit=20
2026-05-01 19:54:23 [info]: [Data Audit] GET /api/geofences
2026-05-01 19:54:23 [info]: Socket connected: D-tO8jaNWGZPpKkuAAA3 (user 69ef6185425e89f7bf220be6)
2026-05-01 19:55:15 [info]: Socket disconnected: D-tO8jaNWGZPpKkuAAA3 — client namespace disconnect
2026-05-01 19:55:21 [info]: [Data Audit] GET /api/auth/me
2026-05-01 19:55:22 [info]: [Data Audit] GET /api/memberships/my
2026-05-01 19:55:22 [info]: [Data Audit] GET /api/animals?search=&sortBy=created_at&sortOrder=desc&page=1&limit=20
2026-05-01 19:55:22 [info]: [Data Audit] GET /api/geofences
2026-05-01 19:55:22 [info]: Socket connected: JvU2OX0JUe4KIxJBAAA5 (user 69ef6185425e89f7bf220be6)
2026-05-01 19:55:26 [info]: [Data Audit] GET /api/geofences
2026-05-01 19:55:28 [info]: [Data Audit] GET /api/stats/farm
2026-05-01 19:55:30 [info]: [Data Audit] GET /api/alerts?
2026-05-01 19:56:07 [info]: Socket disconnected: JvU2OX0JUe4KIxJBAAA5 — ping timeout
2026-05-01 19:56:11 [info]: Socket connected: byLYwpt2ZjmnnCr4AAA7 (user 69ef6185425e89f7bf220be6)
2026-05-01 19:58:25 [info]: [Data Audit] GET /api/geofences
2026-05-01 19:58:25 [info]: [Data Audit] GET /api/devices?status=free
2026-05-01 19:59:27 [info]: Socket disconnected: byLYwpt2ZjmnnCr4AAA7 — ping timeout
2026-05-01 19:59:34 [info]: Socket connected: r7jCz-lTYCc4-kHwAAA9 (user 69ef6185425e89f7bf220be6)
2026-05-01 19:59:37 [info]: Socket disconnected: r7jCz-lTYCc4-kHwAAA9 — transport close
2026-05-03 20:54:45 [info]: ✅ MongoDB Connected: ac-lokdmj8-shard-00-01.7zypd8b.mongodb.net
2026-05-03 20:54:45 [info]: 🚀 Server running on http://localhost:3000
2026-05-03 20:54:45 [info]:    Environment: development
2026-05-03 20:55:39 [info]: [Data Audit] GET /api/auth/me
2026-05-03 20:55:39 [info]: [Data Audit] POST /api/auth/refresh
2026-05-03 20:55:39 [info]: [Data Audit] GET /api/auth/me
2026-05-03 20:55:39 [info]: [Data Audit] GET /api/memberships/my
2026-05-03 20:55:39 [info]: [Data Audit] GET /api/animals?search=&sortBy=created_at&sortOrder=desc&page=1&limit=20
2026-05-03 20:55:39 [info]: [Data Audit] GET /api/geofences
2026-05-03 20:55:39 [info]: Socket connected: mEvTibb0Mi5FB_zuAAAB (user 69ef6185425e89f7bf220be6)
2026-05-03 20:55:45 [info]: [Data Audit] GET /api/geofences
2026-05-03 20:55:48 [info]: [Data Audit] GET /api/stats/farm
2026-05-03 20:55:54 [info]: [Data Audit] GET /api/alerts?
2026-05-03 20:55:56 [info]: [Data Audit] GET /api/animals/undefined
2026-05-03 20:55:57 [info]: [Data Audit] GET /api/ai/animal/undefined
2026-05-03 20:58:54 [info]: Socket disconnected: mEvTibb0Mi5FB_zuAAAB — client namespace disconnect
2026-05-03 20:58:54 [info]: [Data Audit] GET /api/auth/me
2026-05-03 20:58:54 [info]: [Data Audit] GET /api/animals?search=&sortBy=created_at&sortOrder=desc&page=1&limit=20
2026-05-03 20:58:54 [info]: [Data Audit] GET /api/geofences
2026-05-03 20:58:54 [info]: Socket connected: AbvPvX0b2hKPDI8VAAAD (user 69ef6185425e89f7bf220be6)
2026-05-03 20:58:54 [info]: [Data Audit] GET /api/memberships/my
2026-05-03 20:59:03 [info]: Socket disconnected: AbvPvX0b2hKPDI8VAAAD — client namespace disconnect
2026-05-03 20:59:03 [info]: [Data Audit] GET /api/auth/me
2026-05-03 20:59:03 [info]: [Data Audit] GET /api/animals?search=&sortBy=created_at&sortOrder=desc&page=1&limit=20
2026-05-03 20:59:03 [info]: [Data Audit] GET /api/geofences
2026-05-03 20:59:03 [info]: [Data Audit] GET /api/memberships/my
2026-05-03 20:59:03 [info]: Socket connected: FqP6u5gb3PxcoqG6AAAF (user 69ef6185425e89f7bf220be6)
2026-05-03 20:59:26 [info]: Socket disconnected: FqP6u5gb3PxcoqG6AAAF — client namespace disconnect
2026-05-03 20:59:28 [info]: [Data Audit] GET /api/auth/me
2026-05-03 20:59:28 [info]: [Data Audit] GET /api/memberships/my
2026-05-03 20:59:29 [info]: [Data Audit] GET /api/animals?search=&sortBy=created_at&sortOrder=desc&page=1&limit=20
2026-05-03 20:59:29 [info]: [Data Audit] GET /api/geofences
2026-05-03 20:59:29 [info]: Socket connected: NPNqNGtTOy_v2FXMAAAH (user 69ef6185425e89f7bf220be6)
2026-05-03 21:00:21 [info]: Socket disconnected: NPNqNGtTOy_v2FXMAAAH — client namespace disconnect
2026-05-03 21:00:25 [info]: [Data Audit] GET /api/auth/me
2026-05-03 21:00:25 [info]: [Data Audit] GET /api/memberships/my
2026-05-03 21:00:25 [info]: [Data Audit] GET /api/animals?search=&sortBy=created_at&sortOrder=desc&page=1&limit=20
2026-05-03 21:00:25 [info]: Socket connected: JRzMEVVLdWBG4MOSAAAJ (user 69ef6185425e89f7bf220be6)
2026-05-03 21:00:25 [info]: [Data Audit] GET /api/geofences
2026-05-03 21:00:30 [info]: [Data Audit] GET /api/geofences
2026-05-03 21:00:45 [info]: [Data Audit] GET /api/stats/farm
2026-05-03 21:00:47 [info]: [Data Audit] GET /api/alerts?
2026-05-03 21:00:51 [info]: [Data Audit] GET /api/animals/69f4eb2c76bad4a89bb5a063
2026-05-03 21:00:51 [info]: [Data Audit] GET /api/ai/animal/69f4eb2c76bad4a89bb5a063
2026-05-03 21:02:10 [info]: Socket disconnected: JRzMEVVLdWBG4MOSAAAJ — client namespace disconnect
2026-05-03 21:02:40 [info]: [Data Audit] GET /api/animals?search=&sortBy=created_at&sortOrder=desc&page=1&limit=20
2026-05-03 21:02:40 [info]: [Data Audit] GET /api/geofences
2026-05-03 21:02:40 [info]: Socket connected: 3Gpl9sIxxslq3ZqBAAAL (user 69ef6185425e89f7bf220be6)
2026-05-03 21:03:45 [info]: Socket disconnected: 3Gpl9sIxxslq3ZqBAAAL — client namespace disconnect
2026-05-03 21:03:49 [info]: [Data Audit] GET /api/auth/me
2026-05-03 21:03:49 [info]: [Data Audit] GET /api/memberships/my
2026-05-03 21:03:49 [info]: [Data Audit] GET /api/animals?search=&sortBy=created_at&sortOrder=desc&page=1&limit=20
2026-05-03 21:03:49 [info]: [Data Audit] GET /api/geofences
2026-05-03 21:03:49 [info]: Socket connected: 4letfu1Y22vdBId-AAAN (user 69ef6185425e89f7bf220be6)
2026-05-03 21:04:25 [info]: [Data Audit] POST /api/auth/logout
2026-05-03 21:04:25 [info]: User logged out
2026-05-03 21:04:25 [info]: Socket disconnected: 4letfu1Y22vdBId-AAAN — client namespace disconnect
2026-05-03 21:05:23 [info]: [Data Audit] POST /api/auth/login
2026-05-03 21:05:23 [info]: ✅ User logged in successfully: akkariwassim11@gmail.com
2026-05-03 21:05:24 [info]: [Data Audit] GET /api/memberships/my
2026-05-03 21:05:25 [info]: Socket connected: 49eRlfT3OU4DFhsQAAAP (user 69ef6185425e89f7bf220be6)
2026-05-03 21:05:25 [info]: [Data Audit] GET /api/animals?search=&sortBy=created_at&sortOrder=desc&page=1&limit=20
2026-05-03 21:05:25 [info]: [Data Audit] GET /api/geofences
2026-05-03 21:05:58 [info]: [Data Audit] GET /api/geofences
2026-05-03 21:06:09 [info]: [Data Audit] GET /api/stats/farm
2026-05-03 21:06:15 [info]: [Data Audit] GET /api/alerts?
2026-05-03 21:06:25 [info]: Socket disconnected: 49eRlfT3OU4DFhsQAAAP — client namespace disconnect
2026-05-03 21:07:48 [info]: [Data Audit] GET /api/auth/me
2026-05-03 21:07:48 [info]: [Data Audit] GET /api/memberships/my
2026-05-03 21:07:50 [info]: Socket connected: b14yS24DlC4Ry5u6AAAR (user 69ef6185425e89f7bf220be6)
2026-05-03 21:07:50 [info]: [Data Audit] GET /api/animals?search=&sortBy=created_at&sortOrder=desc&page=1&limit=20
2026-05-03 21:07:50 [info]: [Data Audit] GET /api/geofences
2026-05-03 21:08:06 [info]: [Data Audit] GET /api/animals/69f4eb2c76bad4a89bb5a063
2026-05-03 21:08:06 [info]: [Data Audit] GET /api/ai/animal/69f4eb2c76bad4a89bb5a063
2026-05-03 21:08:15 [info]: [Data Audit] GET /api/animals/69f4e5d176bad4a89bb5a050
2026-05-03 21:08:15 [info]: [Data Audit] GET /api/ai/animal/69f4e5d176bad4a89bb5a050
2026-05-03 21:08:18 [info]: [Data Audit] GET /api/geofences
2026-05-03 21:08:18 [info]: [Data Audit] GET /api/devices?status=free
2026-05-03 21:09:44 [info]: Socket disconnected: b14yS24DlC4Ry5u6AAAR — transport close
2026-05-03 21:14:57 [info]: [Data Audit] POST /api/auth/login
2026-05-03 21:14:57 [info]: ✅ User logged in successfully: akkariwassim11@gmail.com
2026-05-03 21:14:58 [info]: [Data Audit] GET /api/memberships/my
2026-05-03 21:14:58 [info]: [Data Audit] GET /api/animals?search=&sortBy=created_at&sortOrder=desc&page=1&limit=20
2026-05-03 21:14:58 [info]: [Data Audit] GET /api/geofences
2026-05-03 21:14:58 [info]: Socket connected: 9jV7D2mcTen7ag6aAAAT (user 69ef6185425e89f7bf220be6)
2026-05-03 21:15:01 [info]: [Data Audit] GET /api/geofences
2026-05-03 21:15:03 [info]: [Data Audit] GET /api/stats/farm
2026-05-03 21:15:04 [info]: [Data Audit] GET /api/alerts?
2026-05-03 21:15:16 [info]: [Data Audit] GET /api/memberships
2026-05-03 21:15:32 [info]: [Data Audit] GET /api/animals/69f4eb2c76bad4a89bb5a063
2026-05-03 21:15:32 [info]: [Data Audit] GET /api/ai/animal/69f4eb2c76bad4a89bb5a063
2026-05-03 21:15:38 [info]: [Data Audit] GET /api/animals/69f4e5d176bad4a89bb5a050
2026-05-03 21:15:38 [info]: [Data Audit] GET /api/ai/animal/69f4e5d176bad4a89bb5a050
2026-05-03 21:17:54 [info]: [Data Audit] GET /api/animals?search=&sortBy=created_at&sortOrder=desc&page=1&limit=20
2026-05-03 21:17:54 [info]: [Data Audit] GET /api/geofences
2026-05-03 21:17:54 [info]: Socket disconnected: 9jV7D2mcTen7ag6aAAAT — client namespace disconnect
2026-05-03 21:18:00 [info]: [Data Audit] GET /api/animals?search=&sortBy=created_at&sortOrder=desc&page=1&limit=20
2026-05-03 21:18:00 [info]: [Data Audit] GET /api/geofences
2026-05-03 21:18:12 [info]: [Data Audit] GET /api/animals?search=&sortBy=created_at&sortOrder=desc&page=1&limit=20
2026-05-03 21:18:12 [info]: [Data Audit] GET /api/geofences
2026-05-03 21:18:23 [info]: [Data Audit] GET /api/auth/me
2026-05-03 21:18:23 [info]: [Data Audit] GET /api/animals?search=&sortBy=created_at&sortOrder=desc&page=1&limit=20
2026-05-03 21:18:23 [info]: [Data Audit] GET /api/geofences
2026-05-03 21:18:23 [info]: [Data Audit] GET /api/memberships/my
2026-05-03 21:18:38 [info]: [Data Audit] GET /api/animals?search=&sortBy=created_at&sortOrder=desc&page=1&limit=20
2026-05-03 21:18:38 [info]: [Data Audit] GET /api/geofences
2026-05-03 21:18:43 [info]: [Data Audit] GET /api/animals?search=&sortBy=created_at&sortOrder=desc&page=1&limit=20
2026-05-03 21:18:43 [info]: [Data Audit] GET /api/geofences
2026-05-03 21:18:59 [info]: [Data Audit] GET /api/geofences
2026-05-03 21:18:59 [info]: [Data Audit] GET /api/auth/me
2026-05-03 21:18:59 [info]: [Data Audit] GET /api/animals?search=&sortBy=created_at&sortOrder=desc&page=1&limit=20
2026-05-03 21:18:59 [info]: [Data Audit] GET /api/memberships/my
2026-05-03 21:19:10 [info]: [Data Audit] GET /api/auth/me
2026-05-03 21:19:10 [info]: [Data Audit] GET /api/geofences
2026-05-03 21:19:10 [info]: [Data Audit] GET /api/animals?search=&sortBy=created_at&sortOrder=desc&page=1&limit=20
2026-05-03 21:19:10 [info]: [Data Audit] GET /api/memberships/my
2026-05-03 21:19:42 [info]: [Data Audit] GET /api/auth/me
2026-05-03 21:19:43 [info]: [Data Audit] GET /api/memberships/my
2026-05-03 21:19:59 [info]: [Data Audit] GET /api/auth/me
2026-05-03 21:19:59 [info]: [Data Audit] GET /api/memberships/my
2026-05-03 21:20:44 [info]: [Data Audit] GET /api/auth/me
2026-05-03 21:20:45 [info]: [Data Audit] GET /api/memberships/my
2026-05-03 21:20:45 [info]: [Data Audit] GET /api/animals?search=&sortBy=created_at&sortOrder=desc&page=1&limit=20
2026-05-03 21:20:45 [info]: [Data Audit] GET /api/geofences
2026-05-03 21:20:45 [info]: Socket connected: 7d6MJcsXYYrSSmNFAAAX (user 69ef6185425e89f7bf220be6)
2026-05-03 21:20:46 [info]: Socket disconnected: 7d6MJcsXYYrSSmNFAAAX — transport close
2026-05-03 21:21:43 [info]: [Data Audit] GET /api/auth/me
2026-05-03 21:21:44 [info]: [Data Audit] GET /api/memberships/my
2026-05-03 21:21:44 [info]: [Data Audit] GET /api/animals?search=&sortBy=created_at&sortOrder=desc&page=1&limit=20
2026-05-03 21:21:44 [info]: Socket connected: 16XV-lq3GekwpLDjAAAZ (user 69ef6185425e89f7bf220be6)
2026-05-03 21:21:44 [info]: [Data Audit] GET /api/geofences
2026-05-03 21:21:49 [info]: [Data Audit] GET /api/geofences
2026-05-03 21:21:51 [info]: [Data Audit] GET /api/stats/farm
2026-05-03 21:21:55 [info]: [Data Audit] GET /api/alerts?
2026-05-14 00:43:39 [error]: ❌ CRITICAL: Error connecting to MongoDB!
2026-05-15 21:43:46 [info]: ✅ MongoDB Connected: ac-lokdmj8-shard-00-02.7zypd8b.mongodb.net
2026-05-15 21:43:46 [info]: 🚀 Server running on http://localhost:3000
2026-05-15 21:43:46 [info]:    Environment: development
2026-05-15 21:44:56 [info]: [REQ] d19e6097-67e4-454c-8d98-942ed620c90f - POST /api/auth/login
2026-05-15 21:44:56 [info]: [Data Audit] POST /api/auth/login
2026-05-15 21:44:56 [info]: ✅ User logged in successfully: akkariwassim11@gmail.com
2026-05-15 21:44:56 [info]: [RES] d19e6097-67e4-454c-8d98-942ed620c90f - POST /api/auth/login - Status: 200 - 567ms
2026-05-15 21:44:56 [info]: [REQ] ab8ce102-ec80-4627-b4d7-391200fc1437 - GET /api/memberships/my
2026-05-15 21:44:56 [info]: [Data Audit] GET /api/memberships/my
2026-05-15 21:44:56 [info]: [RES] ab8ce102-ec80-4627-b4d7-391200fc1437 - GET /api/memberships/my - Status: 200 - 133ms
2026-05-15 21:44:57 [info]: [REQ] fae9420e-afce-45a8-89d3-388190deb797 - GET /api/animals?search=&sortBy=created_at&sortOrder=desc&page=1&limit=20
2026-05-15 21:44:57 [info]: [Data Audit] GET /api/animals?search=&sortBy=created_at&sortOrder=desc&page=1&limit=20
2026-05-15 21:44:57 [info]: [REQ] 1d1a9b53-256a-4134-8906-a131cc231b65 - GET /api/geofences
2026-05-15 21:44:57 [info]: [Data Audit] GET /api/geofences
2026-05-15 21:44:57 [info]: [RES] fae9420e-afce-45a8-89d3-388190deb797 - GET /api/animals?search=&sortBy=created_at&sortOrder=desc&page=1&limit=20 - Status: 200 - 160ms
2026-05-15 21:44:57 [info]: [RES] 1d1a9b53-256a-4134-8906-a131cc231b65 - GET /api/geofences - Status: 200 - 199ms
2026-05-15 21:44:57 [info]: Socket connected: QdHtArOC5N3ju8sjAAAB (user 69ef6185425e89f7bf220be6)
2026-05-15 21:44:57 [info]: [REQ] a5270001-327e-48f9-8f42-404dd8c7c127 - POST /api/auth/login
2026-05-15 21:44:57 [info]: [Data Audit] POST /api/auth/login
2026-05-15 21:44:58 [info]: ✅ User logged in successfully: akkariwassim11@gmail.com
2026-05-15 21:44:58 [info]: [RES] a5270001-327e-48f9-8f42-404dd8c7c127 - POST /api/auth/login - Status: 200 - 606ms
2026-05-15 21:44:58 [info]: [REQ] 260d18c6-a7f3-4d79-acfe-7a6c201619e0 - POST /api/auth/login
2026-05-15 21:44:58 [info]: [Data Audit] POST /api/auth/login
2026-05-15 21:44:59 [info]: ✅ User logged in successfully: akkariwassim11@gmail.com
2026-05-15 21:44:59 [info]: [RES] 260d18c6-a7f3-4d79-acfe-7a6c201619e0 - POST /api/auth/login - Status: 200 - 873ms
2026-05-15 21:45:50 [info]: [REQ] 324c6a89-dc47-4ea6-a7f1-0c1220547a36 - GET /api/geofences
2026-05-15 21:45:50 [info]: [Data Audit] GET /api/geofences
2026-05-15 21:45:50 [info]: [RES] 324c6a89-dc47-4ea6-a7f1-0c1220547a36 - GET /api/geofences - Status: 304 - 184ms
2026-05-15 21:45:59 [info]: [REQ] 3a520623-3ce7-484d-b3c2-5fc1fab80cf4 - GET /api/stats/farm
2026-05-15 21:45:59 [info]: [Data Audit] GET /api/stats/farm
2026-05-15 21:45:59 [info]: [RES] 3a520623-3ce7-484d-b3c2-5fc1fab80cf4 - GET /api/stats/farm - Status: 200 - 170ms
2026-05-15 21:46:25 [info]: [REQ] 00186632-8d99-4740-8d9b-2000cd6343c5 - PUT /api/geofences/69f4e5b576bad4a89bb5a04f
2026-05-15 21:46:25 [info]: [Data Audit] PUT /api/geofences/69f4e5b576bad4a89bb5a04f
2026-05-15 21:46:25 [info]: [RES] 00186632-8d99-4740-8d9b-2000cd6343c5 - PUT /api/geofences/69f4e5b576bad4a89bb5a04f - Status: 200 - 187ms
2026-05-15 21:46:25 [info]: [REQ] 1cae445c-d4c7-4572-bec6-9739df23a9fd - GET /api/geofences
2026-05-15 21:46:25 [info]: [Data Audit] GET /api/geofences
2026-05-15 21:46:25 [info]: [RES] 1cae445c-d4c7-4572-bec6-9739df23a9fd - GET /api/geofences - Status: 200 - 86ms
2026-05-15 21:46:35 [info]: [REQ] 2ee5e564-6ee6-460a-911f-e6343391ac3a - PUT /api/geofences/69f4eb1476bad4a89bb5a062
2026-05-15 21:46:35 [info]: [Data Audit] PUT /api/geofences/69f4eb1476bad4a89bb5a062
2026-05-15 21:46:35 [info]: [RES] 2ee5e564-6ee6-460a-911f-e6343391ac3a - PUT /api/geofences/69f4eb1476bad4a89bb5a062 - Status: 200 - 259ms
2026-05-15 21:46:35 [info]: [REQ] 8fe6f03b-d891-42ca-8330-eed2a3e58f35 - GET /api/geofences
2026-05-15 21:46:35 [info]: [Data Audit] GET /api/geofences
2026-05-15 21:46:35 [info]: [RES] 8fe6f03b-d891-42ca-8330-eed2a3e58f35 - GET /api/geofences - Status: 200 - 105ms
2026-05-15 21:46:58 [info]: [REQ] 93553717-996e-48da-844d-c74305fc4306 - GET /api/alerts?
2026-05-15 21:46:58 [info]: [Data Audit] GET /api/alerts?
2026-05-15 21:46:58 [info]: [RES] 93553717-996e-48da-844d-c74305fc4306 - GET /api/alerts? - Status: 200 - 91ms
2026-05-15 21:47:04 [info]: [REQ] 7ff1a478-a785-4608-889e-6413d6614bae - GET /api/animals/69f4eb2c76bad4a89bb5a063
2026-05-15 21:47:04 [info]: [Data Audit] GET /api/animals/69f4eb2c76bad4a89bb5a063
2026-05-15 21:47:04 [info]: [REQ] d3bf3b9d-9f0e-4929-b0a5-fdd3d3a02d3b - GET /api/ai/animal/69f4eb2c76bad4a89bb5a063
2026-05-15 21:47:04 [info]: [Data Audit] GET /api/ai/animal/69f4eb2c76bad4a89bb5a063
2026-05-15 21:47:04 [info]: [RES] d3bf3b9d-9f0e-4929-b0a5-fdd3d3a02d3b - GET /api/ai/animal/69f4eb2c76bad4a89bb5a063 - Status: 404 - 45ms
2026-05-15 21:47:04 [info]: [RES] 7ff1a478-a785-4608-889e-6413d6614bae - GET /api/animals/69f4eb2c76bad4a89bb5a063 - Status: 200 - 106ms
2026-05-15 21:48:12 [info]: Socket disconnected: QdHtArOC5N3ju8sjAAAB — ping timeout
2026-05-15 21:48:41 [info]: Socket connected: XjTKEwhXv_xZGdLcAAAD (user 69ef6185425e89f7bf220be6)
2026-05-15 21:49:26 [info]: Socket disconnected: XjTKEwhXv_xZGdLcAAAD — ping timeout
2026-05-16 21:38:54 [info]: ✅ MongoDB Connected: ac-lokdmj8-shard-00-01.7zypd8b.mongodb.net
2026-05-16 21:38:54 [info]: 🚀 Server running on http://localhost:3000
2026-05-16 21:38:54 [info]:    Environment: development
2026-05-16 21:39:29 [info]: [REQ] 37076289-76e9-497a-8441-b21609645a27 - GET /api/auth/me
2026-05-16 21:39:29 [info]: [Data Audit] GET /api/auth/me
2026-05-16 21:39:29 [info]: [RES] 37076289-76e9-497a-8441-b21609645a27 - GET /api/auth/me - Status: 401 - 28ms
2026-05-16 21:39:29 [info]: [REQ] 24b9d076-5bf4-435b-af83-8d20b65015ec - POST /api/auth/refresh
2026-05-16 21:39:29 [info]: [Data Audit] POST /api/auth/refresh
2026-05-16 21:39:31 [info]: [RES] 24b9d076-5bf4-435b-af83-8d20b65015ec - POST /api/auth/refresh - Status: 200 - 1995ms
2026-05-16 21:39:32 [info]: [REQ] e7ad0848-fab4-40bf-8556-03772477e8ab - GET /api/auth/me
2026-05-16 21:39:32 [info]: [Data Audit] GET /api/auth/me
2026-05-16 21:39:32 [info]: [RES] e7ad0848-fab4-40bf-8556-03772477e8ab - GET /api/auth/me - Status: 200 - 547ms
2026-05-16 21:39:32 [info]: [REQ] 10578bb2-2b3e-47d1-9446-032ac5eddffd - GET /api/memberships/my
2026-05-16 21:39:32 [info]: [Data Audit] GET /api/memberships/my
2026-05-16 21:39:33 [info]: [RES] 10578bb2-2b3e-47d1-9446-032ac5eddffd - GET /api/memberships/my - Status: 200 - 169ms
2026-05-16 21:39:33 [info]: [REQ] 6b7661f2-3901-45ec-ab3c-64d0dcf98139 - GET /api/animals?search=&sortBy=created_at&sortOrder=desc&page=1&limit=20
2026-05-16 21:39:33 [info]: [Data Audit] GET /api/animals?search=&sortBy=created_at&sortOrder=desc&page=1&limit=20
2026-05-16 21:39:33 [info]: [REQ] fd6fee23-f10d-4197-ae8f-6c58a570aa9e - GET /api/geofences
2026-05-16 21:39:33 [info]: [Data Audit] GET /api/geofences
2026-05-16 21:39:33 [info]: [RES] 6b7661f2-3901-45ec-ab3c-64d0dcf98139 - GET /api/animals?search=&sortBy=created_at&sortOrder=desc&page=1&limit=20 - Status: 304 - 237ms
2026-05-16 21:39:33 [info]: Socket connected: sv7x4QuS02Lso7MrAAAB (user 69ef6185425e89f7bf220be6)
2026-05-16 21:39:33 [info]: [RES] fd6fee23-f10d-4197-ae8f-6c58a570aa9e - GET /api/geofences - Status: 304 - 172ms
2026-05-16 21:39:36 [info]: [REQ] 62622e8e-e58e-4656-a5a7-70b39c729adf - GET /api/alerts?
2026-05-16 21:39:36 [info]: [Data Audit] GET /api/alerts?
2026-05-16 21:39:37 [info]: [RES] 62622e8e-e58e-4656-a5a7-70b39c729adf - GET /api/alerts? - Status: 304 - 1713ms
2026-05-16 21:39:39 [info]: [REQ] f3fd486b-4e35-4cf3-ba5c-6d853ae509e4 - GET /api/geofences
2026-05-16 21:39:39 [info]: [Data Audit] GET /api/geofences
2026-05-16 21:39:39 [info]: [RES] f3fd486b-4e35-4cf3-ba5c-6d853ae509e4 - GET /api/geofences - Status: 304 - 95ms
2026-05-16 21:39:41 [info]: [REQ] 08c4fc56-1459-409b-96f2-ace2b06d08f0 - GET /api/animals/69f4eb2c76bad4a89bb5a063
2026-05-16 21:39:41 [info]: [Data Audit] GET /api/animals/69f4eb2c76bad4a89bb5a063
2026-05-16 21:39:41 [info]: [REQ] 03140568-2043-4b7c-98d4-c39be5379739 - GET /api/ai/animal/69f4eb2c76bad4a89bb5a063
2026-05-16 21:39:41 [info]: [Data Audit] GET /api/ai/animal/69f4eb2c76bad4a89bb5a063
2026-05-16 21:39:41 [info]: [RES] 03140568-2043-4b7c-98d4-c39be5379739 - GET /api/ai/animal/69f4eb2c76bad4a89bb5a063 - Status: 404 - 78ms
2026-05-16 21:39:41 [info]: [RES] 08c4fc56-1459-409b-96f2-ace2b06d08f0 - GET /api/animals/69f4eb2c76bad4a89bb5a063 - Status: 304 - 105ms
2026-05-16 21:40:47 [info]: [REQ] aaeb835d-fda5-45b1-b84a-75826a1243bf - GET /api/stats/farm
2026-05-16 21:40:47 [info]: [Data Audit] GET /api/stats/farm
2026-05-16 21:40:47 [info]: [RES] aaeb835d-fda5-45b1-b84a-75826a1243bf - GET /api/stats/farm - Status: 200 - 144ms
2026-05-16 21:42:23 [info]: [REQ] f39bc1dc-fbac-4be7-a617-a8b6dba54520 - POST /api/auth/logout
2026-05-16 21:42:23 [info]: [Data Audit] POST /api/auth/logout
2026-05-16 21:42:23 [info]: User logged out
2026-05-16 21:42:23 [info]: [RES] f39bc1dc-fbac-4be7-a617-a8b6dba54520 - POST /api/auth/logout - Status: 200 - 67ms
2026-05-16 21:42:23 [info]: Socket disconnected: sv7x4QuS02Lso7MrAAAB — client namespace disconnect
2026-05-16 21:42:56 [info]: [REQ] 2bf8b66b-63ca-44d0-ad33-c10d40f3210a - POST /api/auth/login
2026-05-16 21:42:56 [info]: [Data Audit] POST /api/auth/login
2026-05-16 21:42:56 [info]: ✅ User logged in successfully: akkariwassim11@gmail.com
2026-05-16 21:42:56 [info]: [RES] 2bf8b66b-63ca-44d0-ad33-c10d40f3210a - POST /api/auth/login - Status: 200 - 362ms
2026-05-16 21:42:56 [info]: [REQ] 820e3e1b-2153-4a41-b4f1-fd3c313d2923 - GET /api/memberships/my
2026-05-16 21:42:56 [info]: [Data Audit] GET /api/memberships/my
2026-05-16 21:42:57 [info]: [RES] 820e3e1b-2153-4a41-b4f1-fd3c313d2923 - GET /api/memberships/my - Status: 200 - 93ms
2026-05-16 21:42:57 [info]: [REQ] d994d4de-867b-4553-8014-d0aa4445c5a7 - GET /api/animals?search=&sortBy=created_at&sortOrder=desc&page=1&limit=20
2026-05-16 21:42:57 [info]: [Data Audit] GET /api/animals?search=&sortBy=created_at&sortOrder=desc&page=1&limit=20
2026-05-16 21:42:57 [info]: [REQ] 069d7192-a242-4cd3-ba71-d24712411d44 - GET /api/geofences
2026-05-16 21:42:57 [info]: [Data Audit] GET /api/geofences
2026-05-16 21:42:57 [info]: Socket connected: Kswgb8kP9AOafpRTAAAD (user 69ef6185425e89f7bf220be6)
2026-05-16 21:42:57 [info]: [RES] 069d7192-a242-4cd3-ba71-d24712411d44 - GET /api/geofences - Status: 304 - 88ms
2026-05-16 21:42:57 [info]: [RES] d994d4de-867b-4553-8014-d0aa4445c5a7 - GET /api/animals?search=&sortBy=created_at&sortOrder=desc&page=1&limit=20 - Status: 304 - 679ms
2026-05-16 21:43:11 [info]: [REQ] c95a5a73-fdf0-4fe0-9179-1f0c23ec2f6f - GET /api/geofences
2026-05-16 21:43:11 [info]: [Data Audit] GET /api/geofences
2026-05-16 21:43:12 [info]: [RES] c95a5a73-fdf0-4fe0-9179-1f0c23ec2f6f - GET /api/geofences - Status: 304 - 1053ms
2026-05-16 21:43:54 [info]: [REQ] 1ed876d6-0f0e-442b-881e-426a47c11355 - GET /api/animals/69f4eb2c76bad4a89bb5a063
2026-05-16 21:43:54 [info]: [Data Audit] GET /api/animals/69f4eb2c76bad4a89bb5a063
2026-05-16 21:43:54 [info]: [REQ] 5add8ec7-0114-4697-a55c-7cfbd2a07ff5 - GET /api/ai/animal/69f4eb2c76bad4a89bb5a063
2026-05-16 21:43:54 [info]: [Data Audit] GET /api/ai/animal/69f4eb2c76bad4a89bb5a063
2026-05-16 21:43:54 [info]: [RES] 5add8ec7-0114-4697-a55c-7cfbd2a07ff5 - GET /api/ai/animal/69f4eb2c76bad4a89bb5a063 - Status: 404 - 44ms
2026-05-16 21:43:54 [info]: [RES] 1ed876d6-0f0e-442b-881e-426a47c11355 - GET /api/animals/69f4eb2c76bad4a89bb5a063 - Status: 304 - 90ms
2026-05-16 21:43:57 [info]: [REQ] 57efde66-6d01-420b-aa0b-958982231c62 - GET /api/animals/69f4e5d176bad4a89bb5a050
2026-05-16 21:43:57 [info]: [Data Audit] GET /api/animals/69f4e5d176bad4a89bb5a050
2026-05-16 21:43:57 [info]: [REQ] 47e470fa-d333-47f7-9437-cca2ae5808c7 - GET /api/ai/animal/69f4e5d176bad4a89bb5a050
2026-05-16 21:43:57 [info]: [Data Audit] GET /api/ai/animal/69f4e5d176bad4a89bb5a050
2026-05-16 21:43:57 [info]: [RES] 47e470fa-d333-47f7-9437-cca2ae5808c7 - GET /api/ai/animal/69f4e5d176bad4a89bb5a050 - Status: 404 - 47ms
2026-05-16 21:43:57 [info]: [RES] 57efde66-6d01-420b-aa0b-958982231c62 - GET /api/animals/69f4e5d176bad4a89bb5a050 - Status: 200 - 94ms
2026-05-16 21:44:08 [info]: [REQ] f11b818a-1030-4648-889d-812112d528ca - GET /api/stats/farm
2026-05-16 21:44:08 [info]: [Data Audit] GET /api/stats/farm
2026-05-16 21:44:08 [info]: [RES] f11b818a-1030-4648-889d-812112d528ca - GET /api/stats/farm - Status: 200 - 102ms
2026-05-16 21:44:23 [info]: [REQ] 3e156d7a-b36c-4911-93e2-a0823da01b94 - GET /api/alerts?
2026-05-16 21:44:23 [info]: [Data Audit] GET /api/alerts?
2026-05-16 21:44:25 [info]: [RES] 3e156d7a-b36c-4911-93e2-a0823da01b94 - GET /api/alerts? - Status: 304 - 2287ms
2026-05-16 21:44:35 [info]: [REQ] 2467e2b9-a7b7-431e-ae55-14449af4e44a - GET /api/animals/69f4e5d176bad4a89bb5a050
2026-05-16 21:44:35 [info]: [Data Audit] GET /api/animals/69f4e5d176bad4a89bb5a050
2026-05-16 21:44:35 [info]: [REQ] a613b049-57a3-40f3-a25c-4d79313bcf92 - GET /api/ai/animal/69f4e5d176bad4a89bb5a050
2026-05-16 21:44:35 [info]: [Data Audit] GET /api/ai/animal/69f4e5d176bad4a89bb5a050
2026-05-16 21:44:35 [info]: [RES] a613b049-57a3-40f3-a25c-4d79313bcf92 - GET /api/ai/animal/69f4e5d176bad4a89bb5a050 - Status: 404 - 117ms
2026-05-16 21:44:35 [info]: [RES] 2467e2b9-a7b7-431e-ae55-14449af4e44a - GET /api/animals/69f4e5d176bad4a89bb5a050 - Status: 304 - 240ms
2026-05-16 21:46:20 [info]: [REQ] c40a9c50-034f-4ae0-8686-cadd054924db - POST /api/geofences
2026-05-16 21:46:20 [info]: [Data Audit] POST /api/geofences
2026-05-16 21:46:20 [info]: [RES] c40a9c50-034f-4ae0-8686-cadd054924db - POST /api/geofences - Status: 422 - 159ms
2026-05-16 21:47:48 [info]: Socket disconnected: Kswgb8kP9AOafpRTAAAD — transport close
2026-05-16 21:51:07 [info]: Socket connected: -C3swbde3iL9QRPkAAAF (user 69ef6185425e89f7bf220be6)
2026-05-16 21:52:47 [info]: Socket disconnected: -C3swbde3iL9QRPkAAAF — client namespace disconnect
2026-05-16 21:52:59 [info]: [REQ] bff770d1-0a4e-4c98-84a8-8b067a0151ef - GET /api/auth/me
2026-05-16 21:52:59 [info]: [Data Audit] GET /api/auth/me
2026-05-16 21:52:59 [info]: [RES] bff770d1-0a4e-4c98-84a8-8b067a0151ef - GET /api/auth/me - Status: 200 - 131ms
2026-05-16 21:52:59 [info]: [REQ] 6c1bf9cd-548c-4044-883c-a777766bafb9 - GET /api/memberships/my
2026-05-16 21:52:59 [info]: [Data Audit] GET /api/memberships/my
2026-05-16 21:53:00 [info]: [RES] 6c1bf9cd-548c-4044-883c-a777766bafb9 - GET /api/memberships/my - Status: 200 - 98ms
2026-05-16 21:53:00 [info]: [REQ] c4d0ecb8-7d51-4ef8-a0e1-505cdd753092 - GET /api/animals?search=&sortBy=created_at&sortOrder=desc&page=1&limit=20
2026-05-16 21:53:00 [info]: [Data Audit] GET /api/animals?search=&sortBy=created_at&sortOrder=desc&page=1&limit=20
2026-05-16 21:53:00 [info]: Socket connected: GW00T51FDZdQL6ZzAAAH (user 69ef6185425e89f7bf220be6)
2026-05-16 21:53:00 [info]: [REQ] 76060468-baca-4e28-b21d-cb249e8b0741 - GET /api/geofences
2026-05-16 21:53:00 [info]: [Data Audit] GET /api/geofences
2026-05-16 21:53:00 [info]: [RES] c4d0ecb8-7d51-4ef8-a0e1-505cdd753092 - GET /api/animals?search=&sortBy=created_at&sortOrder=desc&page=1&limit=20 - Status: 304 - 130ms
2026-05-16 21:53:00 [info]: [RES] 76060468-baca-4e28-b21d-cb249e8b0741 - GET /api/geofences - Status: 200 - 142ms
2026-05-16 21:53:10 [info]: [REQ] 9e272c3f-4e82-4ff7-87dc-7159ef00dd9b - GET /api/alerts?
2026-05-16 21:53:10 [info]: [Data Audit] GET /api/alerts?
2026-05-16 21:53:10 [info]: [RES] 9e272c3f-4e82-4ff7-87dc-7159ef00dd9b - GET /api/alerts? - Status: 304 - 108ms
2026-05-16 21:53:10 [info]: [REQ] 931e6691-55d4-4c34-b887-49f2a10aa0fb - GET /api/geofences
2026-05-16 21:53:10 [info]: [Data Audit] GET /api/geofences
2026-05-16 21:53:11 [info]: [RES] 931e6691-55d4-4c34-b887-49f2a10aa0fb - GET /api/geofences - Status: 304 - 168ms
2026-05-16 21:53:35 [info]: [REQ] 0ca4ed4d-7eda-4b9e-b609-6ec9ea787a78 - POST /api/geofences
2026-05-16 21:53:35 [info]: [Data Audit] POST /api/geofences
2026-05-16 21:53:35 [info]: [RES] 0ca4ed4d-7eda-4b9e-b609-6ec9ea787a78 - POST /api/geofences - Status: 201 - 550ms
2026-05-16 21:53:36 [info]: [REQ] 9c9c35d9-4c85-4881-acd8-5a3ecf777833 - GET /api/geofences
2026-05-16 21:53:36 [info]: [Data Audit] GET /api/geofences
2026-05-16 21:53:36 [info]: [RES] 9c9c35d9-4c85-4881-acd8-5a3ecf777833 - GET /api/geofences - Status: 200 - 207ms
2026-05-16 21:55:58 [info]: [REQ] 9d624249-ec6e-434b-87a8-a18d3dcd12e1 - GET /api/animals?search=&sortBy=created_at&sortOrder=desc&page=1&limit=20
2026-05-16 21:55:58 [info]: [Data Audit] GET /api/animals?search=&sortBy=created_at&sortOrder=desc&page=1&limit=20
2026-05-16 21:55:58 [info]: [REQ] 0205770d-fe4d-426c-8864-675b02c9b206 - GET /api/geofences
2026-05-16 21:55:58 [info]: [Data Audit] GET /api/geofences
2026-05-16 21:55:59 [info]: [RES] 0205770d-fe4d-426c-8864-675b02c9b206 - GET /api/geofences - Status: 304 - 225ms
2026-05-16 21:55:59 [info]: [RES] 9d624249-ec6e-434b-87a8-a18d3dcd12e1 - GET /api/animals?search=&sortBy=created_at&sortOrder=desc&page=1&limit=20 - Status: 304 - 451ms
2026-05-16 21:56:23 [info]: Socket disconnected: GW00T51FDZdQL6ZzAAAH — client namespace disconnect
2026-05-16 21:56:31 [info]: [REQ] 9a400fe0-bd52-4734-a0bd-b4709c1ad314 - GET /api/auth/me
2026-05-16 21:56:31 [info]: [Data Audit] GET /api/auth/me
2026-05-16 21:56:31 [info]: [RES] 9a400fe0-bd52-4734-a0bd-b4709c1ad314 - GET /api/auth/me - Status: 200 - 90ms
2026-05-16 21:56:31 [info]: [REQ] 1f8f750c-0335-4467-94d0-93dc9ea97ae1 - GET /api/memberships/my
2026-05-16 21:56:31 [info]: [Data Audit] GET /api/memberships/my
2026-05-16 21:56:32 [info]: [RES] 1f8f750c-0335-4467-94d0-93dc9ea97ae1 - GET /api/memberships/my - Status: 200 - 681ms
2026-05-16 21:56:32 [info]: [REQ] 70aceac6-c7cb-4442-9536-e38ff9a2e289 - GET /api/animals?search=&sortBy=created_at&sortOrder=desc&page=1&limit=20
2026-05-16 21:56:32 [info]: [Data Audit] GET /api/animals?search=&sortBy=created_at&sortOrder=desc&page=1&limit=20
2026-05-16 21:56:32 [info]: Socket connected: 0wttGFzvDLaoJFCYAAAJ (user 69ef6185425e89f7bf220be6)
2026-05-16 21:56:32 [info]: [REQ] 33cb3c5b-1378-4c6b-9a05-c16b9e18f28d - GET /api/geofences
2026-05-16 21:56:32 [info]: [Data Audit] GET /api/geofences
2026-05-16 21:56:32 [info]: [RES] 70aceac6-c7cb-4442-9536-e38ff9a2e289 - GET /api/animals?search=&sortBy=created_at&sortOrder=desc&page=1&limit=20 - Status: 304 - 94ms
2026-05-16 21:56:32 [info]: [RES] 33cb3c5b-1378-4c6b-9a05-c16b9e18f28d - GET /api/geofences - Status: 304 - 88ms
2026-05-16 21:56:40 [info]: [REQ] 658e2fdb-f365-4ca0-baef-0bc07ef07c70 - POST /api/auth/logout
2026-05-16 21:56:40 [info]: [Data Audit] POST /api/auth/logout
2026-05-16 21:56:40 [info]: User logged out
2026-05-16 21:56:40 [info]: [RES] 658e2fdb-f365-4ca0-baef-0bc07ef07c70 - POST /api/auth/logout - Status: 200 - 73ms
2026-05-16 21:56:40 [info]: Socket disconnected: 0wttGFzvDLaoJFCYAAAJ — client namespace disconnect
2026-05-16 21:57:09 [info]: [REQ] a8656f9f-7b7e-4270-9547-5c2e3cb71373 - POST /api/auth/register
2026-05-16 21:57:09 [info]: [Data Audit] POST /api/auth/register
2026-05-16 21:57:09 [info]: ✅ New user registered with farm: Bachar's Farm (bacharbenhassine@gmail.com)
2026-05-16 21:57:09 [info]: [RES] a8656f9f-7b7e-4270-9547-5c2e3cb71373 - POST /api/auth/register - Status: 201 - 633ms
2026-05-16 21:57:10 [info]: [REQ] 5e7e8a06-057a-434a-911d-1e8005db364a - GET /api/memberships/my
2026-05-16 21:57:10 [info]: [Data Audit] GET /api/memberships/my
2026-05-16 21:57:10 [info]: [RES] 5e7e8a06-057a-434a-911d-1e8005db364a - GET /api/memberships/my - Status: 200 - 106ms
2026-05-16 21:57:10 [info]: [REQ] 562ba867-a6b4-4710-ba45-d81c8a923399 - GET /api/animals?search=&sortBy=created_at&sortOrder=desc&page=1&limit=20
2026-05-16 21:57:10 [info]: [Data Audit] GET /api/animals?search=&sortBy=created_at&sortOrder=desc&page=1&limit=20
2026-05-16 21:57:10 [info]: [REQ] 2b3fea59-4699-4dc5-8812-fc5fbce674af - GET /api/geofences
2026-05-16 21:57:10 [info]: [Data Audit] GET /api/geofences
2026-05-16 21:57:10 [info]: Socket connected: eLBArV3YkuGYebGuAAAL (user 6a08da2530989765ae5cc326)
2026-05-16 21:57:10 [info]: [RES] 562ba867-a6b4-4710-ba45-d81c8a923399 - GET /api/animals?search=&sortBy=created_at&sortOrder=desc&page=1&limit=20 - Status: 200 - 100ms
2026-05-16 21:57:10 [info]: [RES] 2b3fea59-4699-4dc5-8812-fc5fbce674af - GET /api/geofences - Status: 200 - 87ms
2026-05-16 21:58:12 [info]: [REQ] bfdc67ca-b018-42bd-b5ed-a76aa0252d3f - GET /api/geofences
2026-05-16 21:58:12 [info]: [Data Audit] GET /api/geofences
2026-05-16 21:58:12 [info]: [RES] bfdc67ca-b018-42bd-b5ed-a76aa0252d3f - GET /api/geofences - Status: 304 - 93ms
2026-05-16 21:58:46 [info]: [REQ] 5d50c900-60ef-430e-a9e1-ceb1b3ff2d45 - POST /api/geofences
2026-05-16 21:58:46 [info]: [Data Audit] POST /api/geofences
2026-05-16 21:58:47 [info]: [RES] 5d50c900-60ef-430e-a9e1-ceb1b3ff2d45 - POST /api/geofences - Status: 201 - 218ms
2026-05-16 21:58:47 [info]: [REQ] 5ddbdd56-11d1-4a54-bed0-8b806c14812c - GET /api/geofences
2026-05-16 21:58:47 [info]: [Data Audit] GET /api/geofences
2026-05-16 21:58:47 [info]: [RES] 5ddbdd56-11d1-4a54-bed0-8b806c14812c - GET /api/geofences - Status: 200 - 120ms
2026-05-16 21:58:49 [info]: [REQ] b21a9ada-7205-4057-a692-1a0574987202 - GET /api/alerts?
2026-05-16 21:58:49 [info]: [Data Audit] GET /api/alerts?
2026-05-16 21:58:49 [info]: [RES] b21a9ada-7205-4057-a692-1a0574987202 - GET /api/alerts? - Status: 304 - 92ms
2026-05-16 21:58:52 [info]: [REQ] 34aaac66-0ba1-42b3-a9da-6f09aa2390e4 - GET /api/geofences
2026-05-16 21:58:52 [info]: [Data Audit] GET /api/geofences
2026-05-16 21:58:52 [info]: [REQ] 48e212aa-c8af-4fd0-89d8-7f6037102e33 - GET /api/devices?status=free
2026-05-16 21:58:52 [info]: [Data Audit] GET /api/devices?status=free
2026-05-16 21:58:52 [info]: [RES] 34aaac66-0ba1-42b3-a9da-6f09aa2390e4 - GET /api/geofences - Status: 304 - 93ms
2026-05-16 21:58:52 [info]: [RES] 48e212aa-c8af-4fd0-89d8-7f6037102e33 - GET /api/devices?status=free - Status: 200 - 83ms
2026-05-16 21:59:26 [info]: [REQ] ba16b90e-36b6-4074-8890-23a1fedd3b4c - POST /api/animals
2026-05-16 21:59:26 [info]: [Data Audit] POST /api/animals
2026-05-16 21:59:26 [info]: Creating animal "Test 8" with coords: lat=35.42051531600615, lon=10.997429229319096
2026-05-16 21:59:26 [info]: [RES] ba16b90e-36b6-4074-8890-23a1fedd3b4c - POST /api/animals - Status: 201 - 208ms
2026-05-16 21:59:46 [info]: [REQ] 8251280a-fc95-4344-9e2b-3592092f29a9 - GET /api/geofences
2026-05-16 21:59:46 [info]: [Data Audit] GET /api/geofences
2026-05-16 21:59:46 [info]: [REQ] 43de4c4d-903a-4cd6-93d6-6f59dd38abac - GET /api/devices?status=free
2026-05-16 21:59:46 [info]: [Data Audit] GET /api/devices?status=free
2026-05-16 21:59:46 [info]: [RES] 8251280a-fc95-4344-9e2b-3592092f29a9 - GET /api/geofences - Status: 304 - 87ms
2026-05-16 21:59:46 [info]: [RES] 43de4c4d-903a-4cd6-93d6-6f59dd38abac - GET /api/devices?status=free - Status: 304 - 86ms
2026-05-16 22:00:00 [info]: [REQ] 5db828f0-155c-4846-8e65-449ee30008e1 - GET /api/geofences
2026-05-16 22:00:00 [info]: [Data Audit] GET /api/geofences
2026-05-16 22:00:00 [info]: [REQ] 39449fca-da0c-4a99-b220-03c88c448942 - GET /api/devices?status=free
2026-05-16 22:00:00 [info]: [Data Audit] GET /api/devices?status=free
2026-05-16 22:00:00 [info]: [RES] 39449fca-da0c-4a99-b220-03c88c448942 - GET /api/devices?status=free - Status: 304 - 99ms
2026-05-16 22:00:00 [info]: [RES] 5db828f0-155c-4846-8e65-449ee30008e1 - GET /api/geofences - Status: 304 - 362ms
2026-05-16 22:00:07 [info]: [REQ] cdb296b0-0f18-453d-afe4-d7f2cd322842 - POST /api/animals/6a08daae30989765ae5cc32b/action
2026-05-16 22:00:07 [info]: [Data Audit] POST /api/animals/6a08daae30989765ae5cc32b/action
2026-05-16 22:00:08 [info]: [RES] cdb296b0-0f18-453d-afe4-d7f2cd322842 - POST /api/animals/6a08daae30989765ae5cc32b/action - Status: 200 - 435ms
2026-05-16 22:00:09 [info]: [REQ] 8c26c0e4-328e-495a-81bc-53e0b7f8f605 - POST /api/animals/6a08daae30989765ae5cc32b/action
2026-05-16 22:00:09 [info]: [Data Audit] POST /api/animals/6a08daae30989765ae5cc32b/action
2026-05-16 22:00:10 [info]: [RES] 8c26c0e4-328e-495a-81bc-53e0b7f8f605 - POST /api/animals/6a08daae30989765ae5cc32b/action - Status: 200 - 698ms
2026-05-16 22:05:44 [info]: [REQ] 5b058e46-c9e7-40e7-ba8e-e4480de722c4 - GET /api/stats/farm
2026-05-16 22:05:44 [info]: [Data Audit] GET /api/stats/farm
2026-05-16 22:05:44 [info]: [RES] 5b058e46-c9e7-40e7-ba8e-e4480de722c4 - GET /api/stats/farm - Status: 200 - 407ms
2026-05-16 22:05:58 [info]: [REQ] 09ec0d46-4224-454d-ab84-b6e7de627e41 - GET /api/memberships
2026-05-16 22:05:58 [info]: [Data Audit] GET /api/memberships
2026-05-16 22:05:58 [info]: [RES] 09ec0d46-4224-454d-ab84-b6e7de627e41 - GET /api/memberships - Status: 200 - 150ms
