2026-04-06 01:06:28 [error]: ❌ MySQL connection failed:
2026-04-06 01:07:17 [error]: ❌ MySQL connection failed:
2026-04-06 20:40:39 [error]: ❌ MySQL connection failed:
2026-04-06 20:42:36 [error]: ❌ MySQL connection failed:
2026-04-06 23:16:52 [error]: Error: Unknown column 'user_id' in 'where clause'
    at PromisePool.query (C:\Users\Wassim\Desktop\mon-application\backend\node_modules\mysql2\lib\promise\pool.js:36:22)
    at Object.findByUser (C:\Users\Wassim\Desktop\mon-application\backend\src\models\Geofence.js:10:31)
    at getGeofences (C:\Users\Wassim\Desktop\mon-application\backend\src\controllers\geofencesController.js:11:38)
    at Layer.handle [as handle_request] (C:\Users\Wassim\Desktop\mon-application\backend\node_modules\express\lib\router\layer.js:95:5)
    at next (C:\Users\Wassim\Desktop\mon-application\backend\node_modules\express\lib\router\route.js:149:13)
    at Route.dispatch (C:\Users\Wassim\Desktop\mon-application\backend\node_modules\express\lib\router\route.js:119:3)
    at Layer.handle [as handle_request] (C:\Users\Wassim\Desktop\mon-application\backend\node_modules\express\lib\router\layer.js:95:5)
    at C:\Users\Wassim\Desktop\mon-application\backend\node_modules\express\lib\router\index.js:284:15
    at router.process_params (C:\Users\Wassim\Desktop\mon-application\backend\node_modules\express\lib\router\index.js:346:12)
    at next (C:\Users\Wassim\Desktop\mon-application\backend\node_modules\express\lib\router\index.js:280:10)
2026-04-06 23:17:50 [error]: Error: Unknown column 'user_id' in 'where clause'
    at PromisePool.query (C:\Users\Wassim\Desktop\mon-application\backend\node_modules\mysql2\lib\promise\pool.js:36:22)
    at Object.findByUser (C:\Users\Wassim\Desktop\mon-application\backend\src\models\Geofence.js:10:31)
    at getGeofences (C:\Users\Wassim\Desktop\mon-application\backend\src\controllers\geofencesController.js:11:38)
    at Layer.handle [as handle_request] (C:\Users\Wassim\Desktop\mon-application\backend\node_modules\express\lib\router\layer.js:95:5)
    at next (C:\Users\Wassim\Desktop\mon-application\backend\node_modules\express\lib\router\route.js:149:13)
    at Route.dispatch (C:\Users\Wassim\Desktop\mon-application\backend\node_modules\express\lib\router\route.js:119:3)
    at Layer.handle [as handle_request] (C:\Users\Wassim\Desktop\mon-application\backend\node_modules\express\lib\router\layer.js:95:5)
    at C:\Users\Wassim\Desktop\mon-application\backend\node_modules\express\lib\router\index.js:284:15
    at router.process_params (C:\Users\Wassim\Desktop\mon-application\backend\node_modules\express\lib\router\index.js:346:12)
    at next (C:\Users\Wassim\Desktop\mon-application\backend\node_modules\express\lib\router\index.js:280:10)
